TN:
SF:src/App.tsx
FN:11,(anonymous_0)
FN:12,(anonymous_1)
FN:13,(anonymous_2)
FNF:3
FNH:0
FNDA:0,(anonymous_0)
FNDA:0,(anonymous_1)
FNDA:0,(anonymous_2)
DA:11,0
DA:12,0
DA:13,0
DA:15,0
LF:4
LH:0
BRDA:17,0,0,0
BRDA:17,0,1,0
BRDA:26,1,0,0
BRDA:26,1,1,0
BRF:4
BRH:0
end_of_record
TN:
SF:src/ai/Action.ts
FNF:0
FNH:0
LF:0
LH:0
BRF:0
BRH:0
end_of_record
TN:
SF:src/ai/BehaviorTreeBrain.ts
FN:26,(anonymous_0)
FN:99,(anonymous_1)
FN:102,(anonymous_2)
FN:106,(anonymous_3)
FN:123,(anonymous_4)
FN:126,(anonymous_5)
FN:134,(anonymous_6)
FN:140,(anonymous_7)
FN:158,(anonymous_8)
FN:160,(anonymous_9)
FN:163,(anonymous_10)
FN:168,(anonymous_11)
FN:172,(anonymous_12)
FN:186,(anonymous_13)
FN:187,(anonymous_14)
FN:190,(anonymous_15)
FNF:16
FNH:13
FNDA:14,(anonymous_0)
FNDA:7,(anonymous_1)
FNDA:6,(anonymous_2)
FNDA:0,(anonymous_3)
FNDA:2,(anonymous_4)
FNDA:2,(anonymous_5)
FNDA:0,(anonymous_6)
FNDA:0,(anonymous_7)
FNDA:1,(anonymous_8)
FNDA:1,(anonymous_9)
FNDA:5,(anonymous_10)
FNDA:3,(anonymous_11)
FNDA:1,(anonymous_12)
FNDA:4,(anonymous_13)
FNDA:20,(anonymous_14)
FNDA:20,(anonymous_15)
DA:27,14
DA:30,14
DA:31,3
DA:32,3
DA:36,12
DA:37,1
DA:38,1
DA:42,11
DA:43,1
DA:47,10
DA:48,2
DA:49,2
DA:53,9
DA:54,1
DA:55,1
DA:59,8
DA:60,1
DA:64,7
DA:65,1
DA:66,1
DA:67,1
DA:72,6
DA:73,1
DA:77,5
DA:78,2
DA:79,2
DA:83,4
DA:84,1
DA:88,3
DA:89,0
DA:90,0
DA:91,0
DA:96,3
DA:101,7
DA:102,6
DA:105,7
DA:106,3
DA:110,3
DA:114,4
DA:115,1
DA:116,1
DA:120,3
DA:125,2
DA:126,2
DA:128,2
DA:129,2
DA:133,0
DA:134,0
DA:136,0
DA:138,0
DA:139,0
DA:140,0
DA:142,0
DA:143,0
DA:149,0
DA:150,0
DA:151,0
DA:155,0
DA:159,1
DA:160,1
DA:162,1
DA:163,5
DA:165,1
DA:169,3
DA:173,1
DA:174,1
DA:175,1
DA:176,1
DA:177,0
DA:178,0
DA:179,0
DA:180,0
DA:183,1
DA:187,20
DA:188,4
DA:190,4
DA:191,20
DA:192,20
DA:194,4
DA:196,4
DA:197,4
DA:199,0
LF:82
LH:62
BRDA:30,0,0,3
BRDA:30,0,1,11
BRDA:32,1,0,2
BRDA:32,1,1,1
BRDA:36,2,0,1
BRDA:36,2,1,11
BRDA:38,3,0,1
BRDA:38,3,1,0
BRDA:42,4,0,1
BRDA:42,4,1,10
BRDA:47,5,0,2
BRDA:47,5,1,8
BRDA:49,6,0,1
BRDA:49,6,1,1
BRDA:53,7,0,1
BRDA:53,7,1,8
BRDA:53,8,0,9
BRDA:53,8,1,9
BRDA:53,8,2,1
BRDA:55,9,0,1
BRDA:55,9,1,0
BRDA:59,10,0,1
BRDA:59,10,1,7
BRDA:64,11,0,1
BRDA:64,11,1,6
BRDA:64,12,0,7
BRDA:64,12,1,1
BRDA:66,13,0,1
BRDA:66,13,1,0
BRDA:66,14,0,1
BRDA:66,14,1,1
BRDA:72,15,0,1
BRDA:72,15,1,5
BRDA:77,16,0,2
BRDA:77,16,1,3
BRDA:79,17,0,1
BRDA:79,17,1,1
BRDA:83,18,0,1
BRDA:83,18,1,3
BRDA:88,19,0,0
BRDA:88,19,1,3
BRDA:88,20,0,3
BRDA:88,20,1,0
BRDA:90,21,0,0
BRDA:90,21,1,0
BRDA:90,22,0,0
BRDA:90,22,1,0
BRDA:102,23,0,6
BRDA:102,23,1,6
BRDA:105,24,0,3
BRDA:105,24,1,4
BRDA:106,25,0,0
BRDA:106,25,1,0
BRDA:115,26,0,1
BRDA:115,26,1,0
BRDA:128,27,0,2
BRDA:128,27,1,0
BRDA:136,28,0,0
BRDA:136,28,1,0
BRDA:140,29,0,0
BRDA:140,29,1,0
BRDA:142,30,0,0
BRDA:142,30,1,0
BRDA:150,31,0,0
BRDA:150,31,1,0
BRDA:160,32,0,1
BRDA:160,32,1,1
BRDA:163,33,0,5
BRDA:163,33,1,0
BRDA:165,34,0,1
BRDA:165,34,1,1
BRDA:173,35,0,0
BRDA:173,35,1,1
BRDA:178,36,0,0
BRDA:178,36,1,0
BRDA:188,37,0,4
BRDA:188,37,1,0
BRDA:194,38,0,4
BRDA:194,38,1,0
BRF:79
BRH:52
end_of_record
TN:
SF:src/ai/IBrain.ts
FNF:0
FNH:0
LF:0
LH:0
BRF:0
BRH:0
end_of_record
TN:
SF:src/ai/Perception.ts
FN:54,buildPerception
FN:83,(anonymous_1)
FN:92,(anonymous_2)
FNF:3
FNH:0
FNDA:0,buildPerception
FNDA:0,(anonymous_1)
FNDA:0,(anonymous_2)
DA:52,0
DA:65,0
DA:66,0
DA:67,0
DA:68,0
DA:69,0
DA:70,0
DA:71,0
DA:72,0
DA:82,0
DA:83,0
DA:91,0
DA:92,0
DA:101,0
DA:103,0
LF:15
LH:0
BRDA:71,0,0,0
BRDA:71,0,1,0
BRF:2
BRH:0
end_of_record
TN:
SF:src/audio/AmbientAudio.ts
FN:19,(anonymous_0)
FN:21,(anonymous_1)
FN:48,(anonymous_2)
FN:55,(anonymous_3)
FN:87,(anonymous_4)
FN:119,(anonymous_5)
FN:127,(anonymous_6)
FN:157,(anonymous_7)
FN:175,(anonymous_8)
FN:193,(anonymous_9)
FN:200,(anonymous_10)
FN:207,(anonymous_11)
FN:214,(anonymous_12)
FN:236,(anonymous_13)
FN:261,(anonymous_14)
FNF:15
FNH:0
FNDA:0,(anonymous_0)
FNDA:0,(anonymous_1)
FNDA:0,(anonymous_2)
FNDA:0,(anonymous_3)
FNDA:0,(anonymous_4)
FNDA:0,(anonymous_5)
FNDA:0,(anonymous_6)
FNDA:0,(anonymous_7)
FNDA:0,(anonymous_8)
FNDA:0,(anonymous_9)
FNDA:0,(anonymous_10)
FNDA:0,(anonymous_11)
FNDA:0,(anonymous_12)
FNDA:0,(anonymous_13)
FNDA:0,(anonymous_14)
DA:4,0
DA:5,0
DA:6,0
DA:7,0
DA:9,0
DA:10,0
DA:11,0
DA:12,0
DA:14,0
DA:15,0
DA:16,0
DA:17,0
DA:22,0
DA:24,0
DA:25,0
DA:27,0
DA:30,0
DA:31,0
DA:32,0
DA:34,0
DA:35,0
DA:36,0
DA:38,0
DA:39,0
DA:40,0
DA:42,0
DA:43,0
DA:45,0
DA:49,0
DA:50,0
DA:51,0
DA:56,0
DA:58,0
DA:59,0
DA:61,0
DA:62,0
DA:64,0
DA:66,0
DA:67,0
DA:68,0
DA:69,0
DA:71,0
DA:72,0
DA:73,0
DA:74,0
DA:76,0
DA:77,0
DA:78,0
DA:80,0
DA:81,0
DA:82,0
DA:83,0
DA:88,0
DA:89,0
DA:90,0
DA:91,0
DA:93,0
DA:94,0
DA:95,0
DA:96,0
DA:98,0
DA:99,0
DA:100,0
DA:102,0
DA:103,0
DA:104,0
DA:106,0
DA:107,0
DA:108,0
DA:110,0
DA:111,0
DA:112,0
DA:114,0
DA:120,0
DA:121,0
DA:123,0
DA:124,0
DA:128,0
DA:129,0
DA:130,0
DA:131,0
DA:132,0
DA:134,0
DA:135,0
DA:136,0
DA:140,0
DA:141,0
DA:142,0
DA:143,0
DA:144,0
DA:145,0
DA:146,0
DA:147,0
DA:148,0
DA:149,0
DA:150,0
DA:154,0
DA:158,0
DA:159,0
DA:161,0
DA:162,0
DA:163,0
DA:164,0
DA:166,0
DA:167,0
DA:168,0
DA:169,0
DA:170,0
DA:172,0
DA:176,0
DA:177,0
DA:179,0
DA:180,0
DA:181,0
DA:182,0
DA:184,0
DA:185,0
DA:186,0
DA:187,0
DA:188,0
DA:190,0
DA:194,0
DA:195,0
DA:196,0
DA:197,0
DA:201,0
DA:202,0
DA:203,0
DA:204,0
DA:208,0
DA:209,0
DA:210,0
DA:211,0
DA:215,0
DA:216,0
DA:218,0
DA:219,0
DA:221,0
DA:222,0
DA:223,0
DA:225,0
DA:226,0
DA:227,0
DA:229,0
DA:230,0
DA:232,0
DA:233,0
DA:237,0
DA:238,0
DA:239,0
DA:241,0
DA:242,0
DA:243,0
DA:244,0
DA:246,0
DA:247,0
DA:249,0
DA:250,0
DA:251,0
DA:253,0
DA:254,0
DA:256,0
DA:257,0
DA:262,0
DA:263,0
DA:264,0
DA:266,0
DA:267,0
DA:269,0
DA:270,0
DA:271,0
DA:273,0
DA:274,0
DA:275,0
DA:277,0
DA:278,0
DA:280,0
DA:281,0
LF:178
LH:0
BRDA:22,0,0,0
BRDA:22,0,1,0
BRDA:50,1,0,0
BRDA:50,1,1,0
BRDA:50,2,0,0
BRDA:50,2,1,0
BRDA:56,3,0,0
BRDA:56,3,1,0
BRDA:56,4,0,0
BRDA:56,4,1,0
BRDA:56,4,2,0
BRDA:56,4,3,0
BRDA:64,5,0,0
BRDA:64,5,1,0
BRDA:64,5,2,0
BRDA:64,5,3,0
BRDA:88,6,0,0
BRDA:88,6,1,0
BRDA:93,7,0,0
BRDA:93,7,1,0
BRDA:98,8,0,0
BRDA:98,8,1,0
BRDA:102,9,0,0
BRDA:102,9,1,0
BRDA:106,10,0,0
BRDA:106,10,1,0
BRDA:110,11,0,0
BRDA:110,11,1,0
BRDA:120,12,0,0
BRDA:120,12,1,0
BRDA:121,13,0,0
BRDA:121,13,1,0
BRDA:123,14,0,0
BRDA:123,14,1,0
BRDA:123,15,0,0
BRDA:123,15,1,0
BRDA:134,16,0,0
BRDA:134,16,1,0
BRDA:194,17,0,0
BRDA:194,17,1,0
BRDA:195,18,0,0
BRDA:195,18,1,0
BRDA:201,19,0,0
BRDA:201,19,1,0
BRDA:202,20,0,0
BRDA:202,20,1,0
BRDA:208,21,0,0
BRDA:208,21,1,0
BRDA:209,22,0,0
BRDA:209,22,1,0
BRF:50
BRH:0
end_of_record
TN:
SF:src/data/DataLogger.ts
FN:58,validateTrainingData
FN:86,diagnoseActionDistribution
FN:99,(anonymous_2)
FN:101,(anonymous_3)
FN:113,(anonymous_4)
FN:118,(anonymous_5)
FN:125,(anonymous_6)
FN:129,(anonymous_7)
FN:130,(anonymous_8)
FN:143,(anonymous_9)
FN:147,(anonymous_10)
FNF:11
FNH:9
FNDA:4,validateTrainingData
FNDA:1,diagnoseActionDistribution
FNDA:2,(anonymous_2)
FNDA:1,(anonymous_3)
FNDA:5,(anonymous_4)
FNDA:8,(anonymous_5)
FNDA:4,(anonymous_6)
FNDA:0,(anonymous_7)
FNDA:0,(anonymous_8)
FNDA:5,(anonymous_9)
FNDA:1,(anonymous_10)
DA:48,1
DA:50,1
DA:59,4
DA:60,4
DA:61,300
DA:63,4
DA:64,4
DA:65,4
DA:66,4
DA:68,4
DA:69,20
DA:70,20
DA:71,20
DA:72,20
DA:73,20
DA:76,4
DA:77,4
DA:79,4
DA:91,1
DA:92,1
DA:93,5
DA:94,5
DA:95,10
DA:96,10
DA:99,2
DA:100,1
DA:101,1
DA:102,2
DA:103,2
DA:104,2
DA:106,1
DA:114,5
DA:115,5
DA:119,8
DA:120,1
DA:122,8
DA:126,4
DA:130,0
DA:131,0
DA:132,0
DA:134,0
DA:135,0
DA:136,0
DA:137,0
DA:138,0
DA:139,0
DA:140,0
DA:144,5
DA:148,1
LF:49
LH:39
BRDA:61,0,0,300
BRDA:61,0,1,12
BRDA:69,1,0,20
BRDA:69,1,1,8
BRDA:70,2,0,15
BRDA:70,2,1,5
BRDA:71,3,0,8
BRDA:71,3,1,12
BRDA:71,4,0,1
BRDA:71,4,1,11
BRDA:73,5,0,9
BRDA:73,5,1,11
BRDA:73,6,0,20
BRDA:73,6,1,12
BRDA:77,7,0,1
BRDA:77,7,1,3
BRDA:96,8,0,10
BRDA:96,8,1,2
BRDA:113,9,0,5
BRDA:119,10,0,1
BRDA:119,10,1,7
BRF:21
BRH:21
end_of_record
TN:
SF:src/data/EventLog.ts
FN:14,(anonymous_0)
FN:19,(anonymous_1)
FN:26,(anonymous_2)
FN:30,(anonymous_3)
FNF:4
FNH:4
FNDA:6,(anonymous_0)
FNDA:10,(anonymous_1)
FNDA:2,(anonymous_2)
FNDA:6,(anonymous_3)
DA:15,6
DA:16,6
DA:20,10
DA:21,1
DA:23,10
DA:27,2
DA:31,6
LF:7
LH:7
BRDA:14,0,0,6
BRDA:20,1,0,1
BRDA:20,1,1,9
BRF:3
BRH:3
end_of_record
TN:
SF:src/data/PlayerTracker.ts
FN:10,(anonymous_0)
FN:14,(anonymous_1)
FN:22,(anonymous_2)
FN:30,(anonymous_3)
FN:38,(anonymous_4)
FN:42,(anonymous_5)
FNF:6
FNH:6
FNDA:7,(anonymous_0)
FNDA:3,(anonymous_1)
FNDA:4,(anonymous_2)
FNDA:2,(anonymous_3)
FNDA:8,(anonymous_4)
FNDA:4,(anonymous_5)
DA:11,7
DA:15,3
DA:23,4
DA:31,2
DA:39,8
DA:43,4
DA:44,4
DA:45,18
DA:46,18
DA:48,4
LF:10
LH:10
BRF:0
BRH:0
end_of_record
TN:
SF:src/engine/Config.ts
FNF:0
FNH:0
DA:63,2
DA:122,2
LF:2
LH:2
BRF:0
BRH:0
end_of_record
TN:
SF:src/engine/SimulationState.ts
FN:47,(anonymous_0)
FN:58,(anonymous_1)
FN:89,(anonymous_2)
FN:109,(anonymous_3)
FN:121,(anonymous_4)
FN:125,(anonymous_5)
FN:133,(anonymous_6)
FN:137,(anonymous_7)
FN:138,(anonymous_8)
FN:141,(anonymous_9)
FNF:10
FNH:0
FNDA:0,(anonymous_0)
FNDA:0,(anonymous_1)
FNDA:0,(anonymous_2)
FNDA:0,(anonymous_3)
FNDA:0,(anonymous_4)
FNDA:0,(anonymous_5)
FNDA:0,(anonymous_6)
FNDA:0,(anonymous_7)
FNDA:0,(anonymous_8)
FNDA:0,(anonymous_9)
DA:47,0
DA:59,0
DA:60,0
DA:61,0
DA:62,0
DA:63,0
DA:64,0
DA:65,0
DA:66,0
DA:68,0
DA:90,0
DA:91,0
DA:93,0
DA:95,0
DA:96,0
DA:97,0
DA:98,0
DA:100,0
DA:110,0
DA:111,0
DA:112,0
DA:117,0
DA:122,0
DA:126,0
DA:127,0
DA:134,0
DA:138,0
DA:142,0
LF:28
LH:0
BRDA:91,0,0,0
BRDA:91,0,1,0
BRDA:91,1,0,0
BRDA:91,1,1,0
BRDA:111,2,0,0
BRDA:111,2,1,0
BRDA:129,3,0,0
BRDA:129,3,1,0
BRF:8
BRH:0
end_of_record
TN:
SF:src/entities/Memory.ts
FN:17,(anonymous_0)
FN:22,(anonymous_1)
FN:37,(anonymous_2)
FN:41,(anonymous_3)
FN:43,(anonymous_4)
FN:47,(anonymous_5)
FN:48,(anonymous_6)
FN:51,(anonymous_7)
FN:55,(anonymous_8)
FN:58,(anonymous_9)
FN:61,(anonymous_10)
FN:65,(anonymous_11)
FN:68,(anonymous_12)
FNF:13
FNH:13
FNDA:13,(anonymous_0)
FNDA:21,(anonymous_1)
FNDA:7,(anonymous_2)
FNDA:1,(anonymous_3)
FNDA:6,(anonymous_4)
FNDA:6,(anonymous_5)
FNDA:9,(anonymous_6)
FNDA:3,(anonymous_7)
FNDA:3,(anonymous_8)
FNDA:2,(anonymous_9)
FNDA:1,(anonymous_10)
FNDA:2,(anonymous_11)
FNDA:1,(anonymous_12)
DA:18,13
DA:19,13
DA:23,21
DA:24,21
DA:25,1
DA:26,1
DA:27,1
DA:28,3
DA:29,1
DA:30,1
DA:33,1
DA:38,7
DA:42,1
DA:43,6
DA:48,9
DA:52,3
DA:53,3
DA:55,3
DA:59,2
DA:60,2
DA:61,1
DA:62,1
DA:66,2
DA:67,2
DA:68,1
DA:69,1
LF:26
LH:26
BRDA:24,0,0,1
BRDA:24,0,1,20
BRDA:28,1,0,1
BRDA:28,1,1,2
BRDA:60,2,0,1
BRDA:60,2,1,1
BRDA:61,3,0,0
BRDA:61,3,1,1
BRDA:67,4,0,1
BRDA:67,4,1,1
BRDA:68,5,0,0
BRDA:68,5,1,1
BRF:12
BRH:10
end_of_record
TN:
SF:src/entities/NPC.ts
FN:62,(anonymous_0)
FN:69,(anonymous_1)
FN:98,(anonymous_2)
FN:161,(anonymous_3)
FN:253,(anonymous_4)
FN:331,(anonymous_5)
FN:364,(anonymous_6)
FN:365,(anonymous_7)
FN:372,(anonymous_8)
FNF:9
FNH:0
FNDA:0,(anonymous_0)
FNDA:0,(anonymous_1)
FNDA:0,(anonymous_2)
FNDA:0,(anonymous_3)
FNDA:0,(anonymous_4)
FNDA:0,(anonymous_5)
FNDA:0,(anonymous_6)
FNDA:0,(anonymous_7)
FNDA:0,(anonymous_8)
DA:24,0
DA:25,0
DA:26,0
DA:27,0
DA:29,0
DA:63,0
DA:64,0
DA:65,0
DA:66,0
DA:67,0
DA:68,0
DA:69,0
DA:70,0
DA:71,0
DA:77,0
DA:78,0
DA:79,0
DA:80,0
DA:81,0
DA:82,0
DA:83,0
DA:84,0
DA:85,0
DA:86,0
DA:87,0
DA:88,0
DA:89,0
DA:90,0
DA:91,0
DA:92,0
DA:93,0
DA:94,0
DA:95,0
DA:107,0
DA:108,0
DA:109,0
DA:112,0
DA:113,0
DA:114,0
DA:116,0
DA:117,0
DA:118,0
DA:121,0
DA:122,0
DA:123,0
DA:124,0
DA:125,0
DA:128,0
DA:132,0
DA:136,0
DA:137,0
DA:138,0
DA:139,0
DA:140,0
DA:143,0
DA:144,0
DA:145,0
DA:151,0
DA:152,0
DA:153,0
DA:157,0
DA:158,0
DA:168,0
DA:169,0
DA:170,0
DA:171,0
DA:175,0
DA:176,0
DA:177,0
DA:178,0
DA:185,0
DA:187,0
DA:188,0
DA:189,0
DA:191,0
DA:194,0
DA:195,0
DA:197,0
DA:198,0
DA:200,0
DA:205,0
DA:206,0
DA:213,0
DA:214,0
DA:215,0
DA:216,0
DA:217,0
DA:218,0
DA:219,0
DA:220,0
DA:221,0
DA:223,0
DA:229,0
DA:235,0
DA:236,0
DA:238,0
DA:239,0
DA:241,0
DA:242,0
DA:246,0
DA:247,0
DA:248,0
DA:254,0
DA:256,0
DA:258,0
DA:260,0
DA:261,0
DA:262,0
DA:263,0
DA:264,0
DA:265,0
DA:274,0
DA:275,0
DA:277,0
DA:282,0
DA:285,0
DA:289,0
DA:294,0
DA:295,0
DA:297,0
DA:298,0
DA:299,0
DA:300,0
DA:301,0
DA:309,0
DA:312,0
DA:313,0
DA:314,0
DA:322,0
DA:325,0
DA:326,0
DA:332,0
DA:333,0
DA:334,0
DA:337,0
DA:338,0
DA:339,0
DA:341,0
DA:342,0
DA:343,0
DA:346,0
DA:347,0
DA:348,0
DA:349,0
DA:351,0
DA:354,0
DA:355,0
DA:356,0
DA:357,0
DA:360,0
DA:361,0
DA:365,0
DA:366,0
DA:374,0
DA:375,0
DA:376,0
DA:377,0
DA:380,0
LF:158
LH:0
BRDA:107,0,0,0
BRDA:107,0,1,0
BRDA:121,1,0,0
BRDA:121,1,1,0
BRDA:123,2,0,0
BRDA:123,2,1,0
BRDA:140,3,0,0
BRDA:140,3,1,0
BRDA:144,4,0,0
BRDA:144,4,1,0
BRDA:144,5,0,0
BRDA:144,5,1,0
BRDA:144,5,2,0
BRDA:151,6,0,0
BRDA:151,6,1,0
BRDA:176,7,0,0
BRDA:176,7,1,0
BRDA:177,8,0,0
BRDA:177,8,1,0
BRDA:177,9,0,0
BRDA:177,9,1,0
BRDA:185,10,0,0
BRDA:185,10,1,0
BRDA:187,11,0,0
BRDA:187,11,1,0
BRDA:191,12,0,0
BRDA:191,12,1,0
BRDA:194,13,0,0
BRDA:194,13,1,0
BRDA:195,14,0,0
BRDA:195,14,1,0
BRDA:197,15,0,0
BRDA:197,15,1,0
BRDA:197,16,0,0
BRDA:197,16,1,0
BRDA:205,17,0,0
BRDA:205,17,1,0
BRDA:214,18,0,0
BRDA:214,18,1,0
BRDA:216,19,0,0
BRDA:216,19,1,0
BRDA:218,20,0,0
BRDA:218,20,1,0
BRDA:220,21,0,0
BRDA:220,21,1,0
BRDA:235,22,0,0
BRDA:235,22,1,0
BRDA:238,23,0,0
BRDA:238,23,1,0
BRDA:238,24,0,0
BRDA:238,24,1,0
BRDA:241,25,0,0
BRDA:241,25,1,0
BRDA:241,26,0,0
BRDA:241,26,1,0
BRDA:246,27,0,0
BRDA:246,27,1,0
BRDA:246,28,0,0
BRDA:246,28,1,0
BRDA:247,29,0,0
BRDA:247,29,1,0
BRDA:256,30,0,0
BRDA:256,30,1,0
BRDA:256,30,2,0
BRDA:256,30,3,0
BRDA:256,30,4,0
BRDA:256,30,5,0
BRDA:258,31,0,0
BRDA:258,31,1,0
BRDA:261,32,0,0
BRDA:261,32,1,0
BRDA:261,33,0,0
BRDA:261,33,1,0
BRDA:263,34,0,0
BRDA:263,34,1,0
BRDA:295,35,0,0
BRDA:295,35,1,0
BRDA:298,36,0,0
BRDA:298,36,1,0
BRDA:313,37,0,0
BRDA:313,37,1,0
BRDA:332,38,0,0
BRDA:332,38,1,0
BRDA:332,39,0,0
BRDA:332,39,1,0
BRDA:338,40,0,0
BRDA:338,40,1,0
BRDA:348,41,0,0
BRDA:348,41,1,0
BRDA:349,42,0,0
BRDA:349,42,1,0
BRDA:351,43,0,0
BRDA:351,43,1,0
BRDA:366,44,0,0
BRDA:366,44,1,0
BRDA:366,44,2,0
BRDA:377,45,0,0
BRDA:377,45,1,0
BRDA:377,46,0,0
BRDA:377,46,1,0
BRF:100
BRH:0
end_of_record
TN:
SF:src/entities/NPCManager.ts
FN:15,(anonymous_0)
FN:21,(anonymous_1)
FN:27,(anonymous_2)
FN:41,(anonymous_3)
FN:45,(anonymous_4)
FN:46,(anonymous_5)
FN:49,(anonymous_6)
FN:50,(anonymous_7)
FN:53,(anonymous_8)
FN:67,(anonymous_9)
FNF:10
FNH:0
FNDA:0,(anonymous_0)
FNDA:0,(anonymous_1)
FNDA:0,(anonymous_2)
FNDA:0,(anonymous_3)
FNDA:0,(anonymous_4)
FNDA:0,(anonymous_5)
FNDA:0,(anonymous_6)
FNDA:0,(anonymous_7)
FNDA:0,(anonymous_8)
FNDA:0,(anonymous_9)
DA:16,0
DA:17,0
DA:18,0
DA:22,0
DA:23,0
DA:35,0
DA:36,0
DA:38,0
DA:42,0
DA:46,0
DA:50,0
DA:54,0
DA:55,0
DA:56,0
DA:57,0
DA:58,0
DA:59,0
DA:60,0
DA:61,0
DA:62,0
DA:68,0
DA:71,0
DA:72,0
DA:73,0
DA:77,0
DA:78,0
DA:79,0
DA:80,0
DA:81,0
DA:89,0
DA:90,0
DA:91,0
DA:92,0
DA:93,0
DA:94,0
DA:96,0
DA:97,0
DA:98,0
LF:38
LH:0
BRDA:50,0,0,0
BRDA:50,0,1,0
BRDA:58,1,0,0
BRDA:58,1,1,0
BRDA:71,2,0,0
BRDA:71,2,1,0
BRDA:81,3,0,0
BRDA:81,3,1,0
BRDA:82,4,0,0
BRDA:82,4,1,0
BRDA:82,4,2,0
BRDA:82,4,3,0
BRDA:82,4,4,0
BRDA:91,5,0,0
BRDA:91,5,1,0
BRF:15
BRH:0
end_of_record
TN:
SF:src/entities/Needs.ts
FN:9,createDefaultNeeds
FN:19,getMostUrgentNeed
FN:33,getMood
FNF:3
FNH:3
FNDA:3,createDefaultNeeds
FNDA:3,getMostUrgentNeed
FNDA:4,getMood
DA:10,3
DA:20,3
DA:21,3
DA:23,3
DA:24,3
DA:25,12
DA:26,1
DA:27,1
DA:30,3
DA:34,4
DA:35,4
DA:36,3
DA:37,2
DA:38,1
LF:14
LH:14
BRDA:25,0,0,1
BRDA:25,0,1,11
BRDA:35,1,0,1
BRDA:35,1,1,3
BRDA:36,2,0,1
BRDA:36,2,1,2
BRDA:37,3,0,1
BRDA:37,3,1,1
BRF:8
BRH:8
end_of_record
TN:
SF:src/input/GestureDetector.ts
FN:5,(anonymous_0)
FN:7,(anonymous_1)
FN:14,(anonymous_2)
FN:26,(anonymous_3)
FN:31,(anonymous_4)
FN:35,(anonymous_5)
FNF:6
FNH:0
FNDA:0,(anonymous_0)
FNDA:0,(anonymous_1)
FNDA:0,(anonymous_2)
FNDA:0,(anonymous_3)
FNDA:0,(anonymous_4)
FNDA:0,(anonymous_5)
DA:2,0
DA:3,0
DA:8,0
DA:9,0
DA:10,0
DA:15,0
DA:16,0
DA:19,0
DA:20,0
DA:21,0
DA:23,0
DA:27,0
DA:28,0
DA:32,0
DA:36,0
DA:37,0
DA:38,0
LF:17
LH:0
BRDA:8,0,0,0
BRDA:8,0,1,0
BRDA:15,1,0,0
BRDA:15,1,1,0
BRDA:15,2,0,0
BRDA:15,2,1,0
BRF:6
BRH:0
end_of_record
TN:
SF:src/input/InputManager.ts
FN:49,(anonymous_0)
FN:75,(anonymous_1)
FN:89,(anonymous_2)
FN:93,(anonymous_3)
FN:102,(anonymous_4)
FN:108,(anonymous_5)
FN:115,(anonymous_6)
FN:128,(anonymous_7)
FN:143,(anonymous_8)
FN:153,(anonymous_9)
FN:175,(anonymous_10)
FN:192,(anonymous_11)
FN:199,(anonymous_12)
FN:217,(anonymous_13)
FN:249,(anonymous_14)
FN:271,(anonymous_15)
FN:275,(anonymous_16)
FNF:17
FNH:0
FNDA:0,(anonymous_0)
FNDA:0,(anonymous_1)
FNDA:0,(anonymous_2)
FNDA:0,(anonymous_3)
FNDA:0,(anonymous_4)
FNDA:0,(anonymous_5)
FNDA:0,(anonymous_6)
FNDA:0,(anonymous_7)
FNDA:0,(anonymous_8)
FNDA:0,(anonymous_9)
FNDA:0,(anonymous_10)
FNDA:0,(anonymous_11)
FNDA:0,(anonymous_12)
FNDA:0,(anonymous_13)
FNDA:0,(anonymous_14)
FNDA:0,(anonymous_15)
FNDA:0,(anonymous_16)
DA:16,0
DA:23,0
DA:24,0
DA:25,0
DA:26,0
DA:27,0
DA:28,0
DA:30,0
DA:31,0
DA:32,0
DA:33,0
DA:34,0
DA:35,0
DA:50,0
DA:51,0
DA:53,0
DA:66,0
DA:67,0
DA:68,0
DA:69,0
DA:70,0
DA:71,0
DA:72,0
DA:73,0
DA:74,0
DA:75,0
DA:77,0
DA:78,0
DA:79,0
DA:80,0
DA:81,0
DA:82,0
DA:83,0
DA:84,0
DA:85,0
DA:86,0
DA:90,0
DA:94,0
DA:95,0
DA:97,0
DA:98,0
DA:99,0
DA:103,0
DA:104,0
DA:105,0
DA:109,0
DA:110,0
DA:111,0
DA:112,0
DA:117,0
DA:118,0
DA:119,0
DA:120,0
DA:121,0
DA:124,0
DA:125,0
DA:129,0
DA:130,0
DA:131,0
DA:132,0
DA:133,0
DA:134,0
DA:135,0
DA:136,0
DA:137,0
DA:138,0
DA:144,0
DA:145,0
DA:146,0
DA:147,0
DA:148,0
DA:149,0
DA:150,0
DA:154,0
DA:156,0
DA:157,0
DA:159,0
DA:160,0
DA:161,0
DA:162,0
DA:163,0
DA:166,0
DA:167,0
DA:168,0
DA:171,0
DA:172,0
DA:176,0
DA:178,0
DA:179,0
DA:180,0
DA:181,0
DA:182,0
DA:185,0
DA:186,0
DA:187,0
DA:193,0
DA:194,0
DA:200,0
DA:202,0
DA:203,0
DA:204,0
DA:205,0
DA:206,0
DA:207,0
DA:208,0
DA:211,0
DA:212,0
DA:213,0
DA:218,0
DA:220,0
DA:221,0
DA:222,0
DA:223,0
DA:225,0
DA:228,0
DA:229,0
DA:230,0
DA:232,0
DA:233,0
DA:234,0
DA:235,0
DA:236,0
DA:239,0
DA:240,0
DA:241,0
DA:244,0
DA:245,0
DA:250,0
DA:251,0
DA:252,0
DA:255,0
DA:256,0
DA:257,0
DA:258,0
DA:259,0
DA:262,0
DA:263,0
DA:264,0
DA:265,0
DA:272,0
DA:276,0
LF:141
LH:0
BRDA:94,0,0,0
BRDA:94,0,1,0
BRDA:118,1,0,0
BRDA:118,1,1,0
BRDA:119,2,0,0
BRDA:119,2,1,0
BRDA:120,3,0,0
BRDA:120,3,1,0
BRDA:121,4,0,0
BRDA:121,4,1,0
BRDA:124,5,0,0
BRDA:124,5,1,0
BRDA:124,6,0,0
BRDA:124,6,1,0
BRDA:125,7,0,0
BRDA:125,7,1,0
BRDA:144,8,0,0
BRDA:144,8,1,0
BRDA:154,9,0,0
BRDA:154,9,1,0
BRDA:159,10,0,0
BRDA:159,10,1,0
BRDA:159,11,0,0
BRDA:159,11,1,0
BRDA:166,12,0,0
BRDA:166,12,1,0
BRDA:176,13,0,0
BRDA:176,13,1,0
BRDA:178,14,0,0
BRDA:178,14,1,0
BRDA:178,15,0,0
BRDA:178,15,1,0
BRDA:202,16,0,0
BRDA:202,16,1,0
BRDA:211,17,0,0
BRDA:211,17,1,0
BRDA:220,18,0,0
BRDA:220,18,1,0
BRDA:222,19,0,0
BRDA:222,19,1,0
BRDA:228,20,0,0
BRDA:228,20,1,0
BRDA:228,21,0,0
BRDA:228,21,1,0
BRDA:232,22,0,0
BRDA:232,22,1,0
BRDA:232,23,0,0
BRDA:232,23,1,0
BRDA:239,24,0,0
BRDA:239,24,1,0
BRDA:250,25,0,0
BRDA:250,25,1,0
BRDA:255,26,0,0
BRDA:255,26,1,0
BRDA:255,27,0,0
BRDA:255,27,1,0
BRDA:262,28,0,0
BRDA:262,28,1,0
BRF:58
BRH:0
end_of_record
TN:
SF:src/rendering/Camera.ts
FN:18,(anonymous_0)
FN:29,(anonymous_1)
FN:35,(anonymous_2)
FN:42,(anonymous_3)
FN:46,(anonymous_4)
FN:53,(anonymous_5)
FN:59,(anonymous_6)
FN:65,(anonymous_7)
FN:76,(anonymous_8)
FNF:9
FNH:0
FNDA:0,(anonymous_0)
FNDA:0,(anonymous_1)
FNDA:0,(anonymous_2)
FNDA:0,(anonymous_3)
FNDA:0,(anonymous_4)
FNDA:0,(anonymous_5)
FNDA:0,(anonymous_6)
FNDA:0,(anonymous_7)
FNDA:0,(anonymous_8)
DA:4,0
DA:5,0
DA:6,0
DA:19,0
DA:20,0
DA:21,0
DA:22,0
DA:23,0
DA:24,0
DA:25,0
DA:26,0
DA:30,0
DA:31,0
DA:32,0
DA:36,0
DA:37,0
DA:38,0
DA:39,0
DA:43,0
DA:47,0
DA:48,0
DA:49,0
DA:50,0
DA:54,0
DA:55,0
DA:56,0
DA:60,0
DA:61,0
DA:62,0
DA:66,0
DA:67,0
DA:68,0
DA:77,0
DA:78,0
LF:34
LH:0
BRDA:46,0,0,0
BRDA:65,1,0,0
BRF:2
BRH:0
end_of_record
TN:
SF:src/rendering/LightingRenderer.ts
FN:16,getTimeOverlay
FN:77,(anonymous_1)
FN:81,(anonymous_2)
FN:118,(anonymous_3)
FN:154,(anonymous_4)
FNF:5
FNH:0
FNDA:0,getTimeOverlay
FNDA:0,(anonymous_1)
FNDA:0,(anonymous_2)
FNDA:0,(anonymous_3)
FNDA:0,(anonymous_4)
DA:11,0
DA:12,0
DA:13,0
DA:14,0
DA:20,0
DA:22,0
DA:23,0
DA:25,0
DA:26,0
DA:34,0
DA:36,0
DA:37,0
DA:45,0
DA:47,0
DA:48,0
DA:50,0
DA:51,0
DA:59,0
DA:61,0
DA:62,0
DA:72,0
DA:91,0
DA:94,0
DA:95,0
DA:99,0
DA:100,0
DA:101,0
DA:102,0
DA:103,0
DA:104,0
DA:108,0
DA:109,0
DA:113,0
DA:114,0
DA:124,0
DA:125,0
DA:127,0
DA:128,0
DA:130,0
DA:131,0
DA:132,0
DA:134,0
DA:138,0
DA:139,0
DA:140,0
DA:142,0
DA:143,0
DA:151,0
DA:160,0
DA:161,0
DA:162,0
DA:164,0
DA:165,0
DA:167,0
DA:169,0
DA:171,0
DA:174,0
DA:176,0
DA:180,0
DA:183,0
DA:184,0
DA:187,0
DA:188,0
DA:193,0
DA:196,0
LF:65
LH:0
BRDA:20,0,0,0
BRDA:20,0,1,0
BRDA:23,1,0,0
BRDA:23,1,1,0
BRDA:34,2,0,0
BRDA:34,2,1,0
BRDA:45,3,0,0
BRDA:45,3,1,0
BRDA:48,4,0,0
BRDA:48,4,1,0
BRDA:59,5,0,0
BRDA:59,5,1,0
BRDA:94,6,0,0
BRDA:94,6,1,0
BRDA:94,7,0,0
BRDA:94,7,1,0
BRDA:94,7,2,0
BRDA:99,8,0,0
BRDA:99,8,1,0
BRDA:108,9,0,0
BRDA:108,9,1,0
BRDA:108,10,0,0
BRDA:108,10,1,0
BRDA:113,11,0,0
BRDA:113,11,1,0
BRDA:113,12,0,0
BRDA:113,12,1,0
BRDA:128,13,0,0
BRDA:128,13,1,0
BRDA:171,14,0,0
BRDA:171,14,1,0
BRDA:171,14,2,0
BRDA:174,15,0,0
BRDA:174,15,1,0
BRDA:176,16,0,0
BRDA:176,16,1,0
BRDA:177,17,0,0
BRDA:177,17,1,0
BRDA:177,17,2,0
BRDA:177,17,3,0
BRF:40
BRH:0
end_of_record
TN:
SF:src/rendering/NPCRenderer.ts
FN:58,drawNPCSprite
FN:202,(anonymous_1)
FN:206,(anonymous_2)
FN:227,(anonymous_3)
FN:280,(anonymous_4)
FN:298,(anonymous_5)
FN:364,(anonymous_6)
FNF:7
FNH:0
FNDA:0,drawNPCSprite
FNDA:0,(anonymous_1)
FNDA:0,(anonymous_2)
FNDA:0,(anonymous_3)
FNDA:0,(anonymous_4)
FNDA:0,(anonymous_5)
FNDA:0,(anonymous_6)
DA:10,0
DA:18,0
DA:28,0
DA:40,0
DA:49,0
DA:67,0
DA:68,0
DA:69,0
DA:70,0
DA:71,0
DA:73,0
DA:75,0
DA:76,0
DA:77,0
DA:78,0
DA:81,0
DA:82,0
DA:85,0
DA:86,0
DA:87,0
DA:90,0
DA:91,0
DA:93,0
DA:94,0
DA:97,0
DA:98,0
DA:99,0
DA:102,0
DA:103,0
DA:104,0
DA:105,0
DA:107,0
DA:108,0
DA:110,0
DA:112,0
DA:113,0
DA:114,0
DA:115,0
DA:118,0
DA:119,0
DA:120,0
DA:121,0
DA:124,0
DA:125,0
DA:126,0
DA:129,0
DA:130,0
DA:131,0
DA:132,0
DA:134,0
DA:135,0
DA:137,0
DA:139,0
DA:140,0
DA:141,0
DA:144,0
DA:145,0
DA:146,0
DA:149,0
DA:150,0
DA:153,0
DA:154,0
DA:155,0
DA:156,0
DA:159,0
DA:160,0
DA:163,0
DA:164,0
DA:165,0
DA:167,0
DA:171,0
DA:172,0
DA:173,0
DA:175,0
DA:176,0
DA:177,0
DA:179,0
DA:180,0
DA:182,0
DA:183,0
DA:184,0
DA:185,0
DA:187,0
DA:188,0
DA:190,0
DA:191,0
DA:192,0
DA:194,0
DA:203,0
DA:213,0
DA:215,0
DA:216,0
DA:220,0
DA:223,0
DA:234,0
DA:235,0
DA:237,0
DA:238,0
DA:241,0
DA:246,0
DA:247,0
DA:248,0
DA:250,0
DA:251,0
DA:254,0
DA:255,0
DA:258,0
DA:259,0
DA:260,0
DA:261,0
DA:262,0
DA:267,0
DA:270,0
DA:273,0
DA:274,0
DA:275,0
DA:276,0
DA:278,0
DA:280,0
DA:281,0
DA:284,0
DA:287,0
DA:289,0
DA:290,0
DA:293,0
DA:294,0
DA:305,0
DA:306,0
DA:308,0
DA:311,0
DA:312,0
DA:314,0
DA:315,0
DA:316,0
DA:317,0
DA:318,0
DA:321,0
DA:322,0
DA:323,0
DA:324,0
DA:328,0
DA:329,0
DA:330,0
DA:331,0
DA:333,0
DA:335,0
DA:336,0
DA:340,0
DA:341,0
DA:342,0
DA:343,0
DA:347,0
DA:348,0
DA:349,0
DA:350,0
DA:352,0
DA:353,0
DA:355,0
DA:356,0
DA:357,0
DA:358,0
DA:359,0
DA:370,0
DA:371,0
DA:372,0
DA:373,0
DA:374,0
DA:375,0
DA:377,0
DA:378,0
LF:170
LH:0
BRDA:73,0,0,0
BRDA:73,0,1,0
BRDA:103,1,0,0
BRDA:103,1,1,0
BRDA:110,2,0,0
BRDA:110,2,1,0
BRDA:130,3,0,0
BRDA:130,3,1,0
BRDA:137,4,0,0
BRDA:137,4,1,0
BRDA:164,5,0,0
BRDA:164,5,1,0
BRDA:191,6,0,0
BRDA:191,6,1,0
BRDA:216,7,0,0
BRDA:216,7,1,0
BRDA:217,8,0,0
BRDA:217,8,1,0
BRDA:217,8,2,0
BRDA:217,8,3,0
BRDA:241,9,0,0
BRDA:241,9,1,0
BRDA:247,10,0,0
BRDA:247,10,1,0
BRDA:250,11,0,0
BRDA:250,11,1,0
BRDA:250,12,0,0
BRDA:250,12,1,0
BRDA:259,13,0,0
BRDA:259,13,1,0
BRDA:270,14,0,0
BRDA:270,14,1,0
BRDA:293,15,0,0
BRDA:293,15,1,0
BRDA:293,16,0,0
BRDA:293,16,1,0
BRDA:293,16,2,0
BRDA:308,17,0,0
BRDA:308,17,1,0
BRDA:308,17,2,0
BRDA:308,17,3,0
BRDA:330,18,0,0
BRDA:330,18,1,0
BRDA:375,19,0,0
BRDA:375,19,1,0
BRF:45
BRH:0
end_of_record
TN:
SF:src/rendering/ObjectRenderer.ts
FN:10,oakCanopyColor
FN:19,pineCanopyColor
FN:26,birchCanopyColor
FN:35,drawOakTree
FN:76,drawPineTree
FN:115,drawBirchTree
FN:151,drawBerryBush
FN:177,drawRock
FN:195,drawMushroom
FN:212,drawCampfire
FN:262,(anonymous_10)
FN:266,(anonymous_11)
FN:279,(anonymous_12)
FN:285,(anonymous_13)
FN:292,(anonymous_14)
FN:322,(anonymous_15)
FNF:16
FNH:0
FNDA:0,oakCanopyColor
FNDA:0,pineCanopyColor
FNDA:0,birchCanopyColor
FNDA:0,drawOakTree
FNDA:0,drawPineTree
FNDA:0,drawBirchTree
FNDA:0,drawBerryBush
FNDA:0,drawRock
FNDA:0,drawMushroom
FNDA:0,drawCampfire
FNDA:0,(anonymous_10)
FNDA:0,(anonymous_11)
FNDA:0,(anonymous_12)
FNDA:0,(anonymous_13)
FNDA:0,(anonymous_14)
FNDA:0,(anonymous_15)
DA:11,0
DA:12,0
DA:13,0
DA:14,0
DA:15,0
DA:20,0
DA:21,0
DA:22,0
DA:27,0
DA:28,0
DA:29,0
DA:30,0
DA:31,0
DA:37,0
DA:38,0
DA:39,0
DA:40,0
DA:42,0
DA:44,0
DA:45,0
DA:46,0
DA:47,0
DA:48,0
DA:49,0
DA:50,0
DA:51,0
DA:52,0
DA:55,0
DA:56,0
DA:57,0
DA:58,0
DA:59,0
DA:61,0
DA:62,0
DA:63,0
DA:64,0
DA:66,0
DA:71,0
DA:72,0
DA:78,0
DA:79,0
DA:82,0
DA:83,0
DA:85,0
DA:87,0
DA:89,0
DA:91,0
DA:93,0
DA:96,0
DA:97,0
DA:98,0
DA:99,0
DA:100,0
DA:103,0
DA:104,0
DA:105,0
DA:106,0
DA:107,0
DA:108,0
DA:109,0
DA:110,0
DA:111,0
DA:117,0
DA:118,0
DA:120,0
DA:121,0
DA:122,0
DA:123,0
DA:125,0
DA:126,0
DA:127,0
DA:128,0
DA:129,0
DA:130,0
DA:131,0
DA:134,0
DA:135,0
DA:136,0
DA:137,0
DA:139,0
DA:145,0
DA:146,0
DA:147,0
DA:156,0
DA:157,0
DA:158,0
DA:159,0
DA:162,0
DA:163,0
DA:164,0
DA:167,0
DA:168,0
DA:169,0
DA:170,0
DA:171,0
DA:172,0
DA:173,0
DA:178,0
DA:179,0
DA:180,0
DA:181,0
DA:182,0
DA:185,0
DA:186,0
DA:187,0
DA:190,0
DA:191,0
DA:192,0
DA:197,0
DA:198,0
DA:201,0
DA:202,0
DA:203,0
DA:206,0
DA:207,0
DA:208,0
DA:209,0
DA:214,0
DA:215,0
DA:216,0
DA:217,0
DA:220,0
DA:221,0
DA:222,0
DA:223,0
DA:224,0
DA:227,0
DA:230,0
DA:231,0
DA:234,0
DA:235,0
DA:238,0
DA:239,0
DA:240,0
DA:242,0
DA:243,0
DA:244,0
DA:245,0
DA:248,0
DA:249,0
DA:252,0
DA:253,0
DA:254,0
DA:255,0
DA:256,0
DA:263,0
DA:275,0
DA:278,0
DA:280,0
DA:285,0
DA:287,0
DA:288,0
DA:300,0
DA:301,0
DA:304,0
DA:309,0
DA:310,0
DA:311,0
DA:314,0
DA:315,0
DA:317,0
DA:319,0
DA:321,0
DA:322,0
DA:323,0
DA:325,0
DA:326,0
DA:328,0
DA:329,0
DA:331,0
DA:332,0
DA:334,0
DA:335,0
DA:337,0
DA:338,0
DA:340,0
DA:341,0
DA:344,0
DA:347,0
LF:179
LH:0
BRDA:11,0,0,0
BRDA:11,0,1,0
BRDA:11,0,2,0
BRDA:11,0,3,0
BRDA:20,1,0,0
BRDA:20,1,1,0
BRDA:27,2,0,0
BRDA:27,2,1,0
BRDA:27,2,2,0
BRDA:27,2,3,0
BRDA:42,3,0,0
BRDA:42,3,1,0
BRDA:103,4,0,0
BRDA:103,4,1,0
BRDA:125,5,0,0
BRDA:125,5,1,0
BRDA:167,6,0,0
BRDA:167,6,1,0
BRDA:238,7,0,0
BRDA:238,7,1,0
BRDA:239,8,0,0
BRDA:239,8,1,0
BRDA:240,9,0,0
BRDA:240,9,1,0
BRDA:255,10,0,0
BRDA:255,10,1,0
BRDA:256,11,0,0
BRDA:256,11,1,0
BRDA:280,12,0,0
BRDA:280,12,1,0
BRDA:280,12,2,0
BRDA:280,12,3,0
BRDA:304,13,0,0
BRDA:304,13,1,0
BRDA:304,13,2,0
BRDA:310,14,0,0
BRDA:310,14,1,0
BRDA:317,15,0,0
BRDA:317,15,1,0
BRDA:323,16,0,0
BRDA:323,16,1,0
BRDA:323,16,2,0
BRDA:323,16,3,0
BRDA:323,16,4,0
BRDA:323,16,5,0
BRF:45
BRH:0
end_of_record
TN:
SF:src/rendering/ParticleSystem.ts
FN:30,(anonymous_0)
FN:41,(anonymous_1)
FN:71,(anonymous_2)
FN:83,(anonymous_3)
FN:98,(anonymous_4)
FNF:5
FNH:0
FNDA:0,(anonymous_0)
FNDA:0,(anonymous_1)
FNDA:0,(anonymous_2)
FNDA:0,(anonymous_3)
FNDA:0,(anonymous_4)
DA:31,0
DA:32,0
DA:33,0
DA:47,0
DA:48,0
DA:49,0
DA:51,0
DA:52,0
DA:53,0
DA:55,0
DA:56,0
DA:58,0
DA:59,0
DA:60,0
DA:61,0
DA:62,0
DA:63,0
DA:64,0
DA:65,0
DA:66,0
DA:67,0
DA:72,0
DA:73,0
DA:74,0
DA:75,0
DA:76,0
DA:77,0
DA:78,0
DA:84,0
DA:85,0
DA:86,0
DA:87,0
DA:89,0
DA:90,0
DA:91,0
DA:92,0
DA:93,0
DA:95,0
DA:99,0
DA:100,0
DA:101,0
DA:103,0
LF:42
LH:0
BRDA:47,0,0,0
BRDA:47,0,1,0
BRDA:48,1,0,0
BRDA:48,1,1,0
BRDA:52,2,0,0
BRDA:52,2,1,0
BRDA:53,3,0,0
BRDA:53,3,1,0
BRDA:60,4,0,0
BRDA:60,4,1,0
BRDA:61,5,0,0
BRDA:61,5,1,0
BRDA:62,6,0,0
BRDA:62,6,1,0
BRDA:62,6,2,0
BRDA:63,7,0,0
BRDA:63,7,1,0
BRDA:64,8,0,0
BRDA:64,8,1,0
BRDA:65,9,0,0
BRDA:65,9,1,0
BRDA:73,10,0,0
BRDA:73,10,1,0
BRDA:77,11,0,0
BRDA:77,11,1,0
BRDA:85,12,0,0
BRDA:85,12,1,0
BRDA:101,13,0,0
BRDA:101,13,1,0
BRF:29
BRH:0
end_of_record
TN:
SF:src/rendering/PixelFont.ts
FN:6,g
FN:480,(anonymous_1)
FN:487,(anonymous_2)
FN:522,(anonymous_3)
FNF:4
FNH:0
FNDA:0,g
FNDA:0,(anonymous_1)
FNDA:0,(anonymous_2)
FNDA:0,(anonymous_3)
DA:3,0
DA:4,0
DA:7,0
DA:8,0
DA:9,0
DA:10,0
DA:12,0
DA:15,0
DA:481,0
DA:482,0
DA:483,0
DA:495,0
DA:496,0
DA:497,0
DA:499,0
DA:500,0
DA:501,0
DA:502,0
DA:503,0
DA:506,0
DA:507,0
DA:508,0
DA:509,0
DA:518,0
DA:523,0
DA:524,0
LF:26
LH:0
BRDA:9,0,0,0
BRDA:9,0,1,0
BRDA:9,1,0,0
BRDA:9,1,1,0
BRDA:492,2,0,0
BRDA:493,3,0,0
BRDA:501,4,0,0
BRDA:501,4,1,0
BRDA:508,5,0,0
BRDA:508,5,1,0
BRDA:522,6,0,0
BRDA:525,7,0,0
BRDA:525,7,1,0
BRF:13
BRH:0
end_of_record
TN:
SF:src/rendering/Renderer.ts
FN:24,(anonymous_0)
FN:40,(anonymous_1)
FN:103,(anonymous_2)
FN:107,(anonymous_3)
FNF:4
FNH:0
FNDA:0,(anonymous_0)
FNDA:0,(anonymous_1)
FNDA:0,(anonymous_2)
FNDA:0,(anonymous_3)
DA:25,0
DA:26,0
DA:27,0
DA:28,0
DA:30,0
DA:31,0
DA:32,0
DA:33,0
DA:34,0
DA:35,0
DA:36,0
DA:37,0
DA:41,0
DA:42,0
DA:45,0
DA:48,0
DA:51,0
DA:52,0
DA:55,0
DA:56,0
DA:60,0
DA:63,0
DA:69,0
DA:72,0
DA:73,0
DA:79,0
DA:82,0
DA:85,0
DA:86,0
DA:89,0
DA:95,0
DA:104,0
DA:108,0
DA:109,0
DA:110,0
DA:111,0
LF:36
LH:0
BRDA:27,0,0,0
BRDA:27,0,1,0
BRF:2
BRH:0
end_of_record
TN:
SF:src/rendering/SpriteSheet.ts
FN:4,(anonymous_0)
FN:8,(anonymous_1)
FN:42,(anonymous_2)
FNF:3
FNH:0
FNDA:0,(anonymous_0)
FNDA:0,(anonymous_1)
FNDA:0,(anonymous_2)
DA:5,0
DA:14,0
DA:15,0
DA:20,0
DA:21,0
DA:22,0
DA:23,0
DA:25,0
DA:26,0
DA:27,0
DA:28,0
DA:29,0
DA:32,0
DA:33,0
DA:34,0
DA:37,0
DA:38,0
DA:39,0
DA:43,0
LF:19
LH:0
BRDA:15,0,0,0
BRDA:15,0,1,0
BRDA:20,1,0,0
BRDA:20,1,1,0
BRDA:32,2,0,0
BRDA:32,2,1,0
BRF:6
BRH:0
end_of_record
TN:
SF:src/rendering/TerrainRenderer.ts
FN:21,seasonGrassColor
FN:30,drawGrassTile
FN:71,drawFlowerGrass
FN:93,drawDirtTile
FN:106,drawSandTile
FN:118,drawStoneTile
FN:141,drawCaveWall
FN:153,drawPathTile
FN:166,drawStaticTile
FN:202,(anonymous_9)
FN:210,(anonymous_10)
FN:264,(anonymous_11)
FN:339,(anonymous_12)
FN:392,(anonymous_13)
FNF:14
FNH:0
FNDA:0,seasonGrassColor
FNDA:0,drawGrassTile
FNDA:0,drawFlowerGrass
FNDA:0,drawDirtTile
FNDA:0,drawSandTile
FNDA:0,drawStoneTile
FNDA:0,drawCaveWall
FNDA:0,drawPathTile
FNDA:0,drawStaticTile
FNDA:0,(anonymous_9)
FNDA:0,(anonymous_10)
FNDA:0,(anonymous_11)
FNDA:0,(anonymous_12)
FNDA:0,(anonymous_13)
DA:10,0
DA:11,0
DA:12,0
DA:13,0
DA:14,0
DA:15,0
DA:16,0
DA:17,0
DA:19,0
DA:22,0
DA:23,0
DA:24,0
DA:25,0
DA:26,0
DA:38,0
DA:39,0
DA:40,0
DA:43,0
DA:44,0
DA:45,0
DA:46,0
DA:47,0
DA:48,0
DA:49,0
DA:53,0
DA:54,0
DA:55,0
DA:56,0
DA:57,0
DA:59,0
DA:62,0
DA:64,0
DA:65,0
DA:66,0
DA:78,0
DA:80,0
DA:81,0
DA:82,0
DA:83,0
DA:84,0
DA:85,0
DA:87,0
DA:88,0
DA:89,0
DA:94,0
DA:95,0
DA:97,0
DA:98,0
DA:99,0
DA:100,0
DA:101,0
DA:102,0
DA:107,0
DA:108,0
DA:110,0
DA:111,0
DA:112,0
DA:113,0
DA:114,0
DA:119,0
DA:120,0
DA:123,0
DA:124,0
DA:125,0
DA:126,0
DA:127,0
DA:128,0
DA:129,0
DA:133,0
DA:134,0
DA:135,0
DA:136,0
DA:137,0
DA:142,0
DA:143,0
DA:145,0
DA:146,0
DA:147,0
DA:148,0
DA:149,0
DA:154,0
DA:155,0
DA:157,0
DA:158,0
DA:159,0
DA:160,0
DA:161,0
DA:162,0
DA:171,0
DA:173,0
DA:174,0
DA:176,0
DA:177,0
DA:179,0
DA:180,0
DA:182,0
DA:183,0
DA:185,0
DA:186,0
DA:188,0
DA:189,0
DA:193,0
DA:203,0
DA:204,0
DA:205,0
DA:206,0
DA:207,0
DA:218,0
DA:219,0
DA:220,0
DA:221,0
DA:222,0
DA:225,0
DA:230,0
DA:231,0
DA:232,0
DA:233,0
DA:234,0
DA:238,0
DA:239,0
DA:247,0
DA:248,0
DA:249,0
DA:250,0
DA:252,0
DA:257,0
DA:258,0
DA:272,0
DA:273,0
DA:274,0
DA:276,0
DA:277,0
DA:279,0
DA:280,0
DA:281,0
DA:282,0
DA:283,0
DA:285,0
DA:286,0
DA:287,0
DA:288,0
DA:290,0
DA:291,0
DA:292,0
DA:294,0
DA:295,0
DA:297,0
DA:298,0
DA:303,0
DA:306,0
DA:307,0
DA:309,0
DA:310,0
DA:311,0
DA:312,0
DA:313,0
DA:314,0
DA:316,0
DA:317,0
DA:318,0
DA:319,0
DA:320,0
DA:321,0
DA:322,0
DA:323,0
DA:324,0
DA:325,0
DA:327,0
DA:331,0
DA:334,0
DA:349,0
DA:350,0
DA:351,0
DA:352,0
DA:355,0
DA:356,0
DA:357,0
DA:358,0
DA:359,0
DA:361,0
DA:364,0
DA:366,0
DA:367,0
DA:368,0
DA:377,0
DA:378,0
DA:379,0
DA:380,0
DA:381,0
DA:382,0
DA:383,0
DA:385,0
DA:386,0
DA:387,0
DA:393,0
DA:394,0
DA:395,0
LF:197
LH:0
BRDA:22,0,0,0
BRDA:22,0,1,0
BRDA:22,0,2,0
BRDA:22,0,3,0
BRDA:38,1,0,0
BRDA:38,1,1,0
BRDA:47,2,0,0
BRDA:47,2,1,0
BRDA:53,3,0,0
BRDA:53,3,1,0
BRDA:59,4,0,0
BRDA:59,4,1,0
BRDA:128,5,0,0
BRDA:128,5,1,0
BRDA:171,6,0,0
BRDA:171,6,1,0
BRDA:171,6,2,0
BRDA:171,6,3,0
BRDA:171,6,4,0
BRDA:171,6,5,0
BRDA:225,7,0,0
BRDA:225,7,1,0
BRDA:225,7,2,0
BRDA:225,7,3,0
BRDA:230,8,0,0
BRDA:230,8,1,0
BRDA:238,9,0,0
BRDA:238,9,1,0
BRDA:250,10,0,0
BRDA:250,10,1,0
BRDA:252,11,0,0
BRDA:252,11,1,0
BRDA:253,12,0,0
BRDA:253,12,1,0
BRDA:253,12,2,0
BRDA:274,13,0,0
BRDA:274,13,1,0
BRDA:274,14,0,0
BRDA:274,14,1,0
BRDA:276,15,0,0
BRDA:276,15,1,0
BRDA:282,16,0,0
BRDA:282,16,1,0
BRDA:288,17,0,0
BRDA:288,17,1,0
BRDA:298,18,0,0
BRDA:298,18,1,0
BRDA:299,19,0,0
BRDA:299,19,1,0
BRDA:303,20,0,0
BRDA:303,20,1,0
BRDA:312,21,0,0
BRDA:312,21,1,0
BRDA:316,22,0,0
BRDA:316,22,1,0
BRDA:323,23,0,0
BRDA:323,23,1,0
BRDA:327,24,0,0
BRDA:327,24,1,0
BRDA:328,25,0,0
BRDA:328,25,1,0
BRDA:355,26,0,0
BRDA:355,26,1,0
BRDA:361,27,0,0
BRDA:361,27,1,0
BRDA:377,28,0,0
BRDA:377,28,1,0
BRF:67
BRH:0
end_of_record
TN:
SF:src/rendering/WaterRenderer.ts
FN:14,(anonymous_0)
FN:18,(anonymous_1)
FN:69,(anonymous_2)
FN:93,(anonymous_3)
FN:132,(anonymous_4)
FNF:5
FNH:0
FNDA:0,(anonymous_0)
FNDA:0,(anonymous_1)
FNDA:0,(anonymous_2)
FNDA:0,(anonymous_3)
FNDA:0,(anonymous_4)
DA:7,0
DA:8,0
DA:10,0
DA:11,0
DA:24,0
DA:25,0
DA:26,0
DA:27,0
DA:28,0
DA:30,0
DA:31,0
DA:32,0
DA:33,0
DA:35,0
DA:36,0
DA:37,0
DA:39,0
DA:40,0
DA:41,0
DA:44,0
DA:45,0
DA:48,0
DA:49,0
DA:50,0
DA:53,0
DA:56,0
DA:57,0
DA:61,0
DA:62,0
DA:63,0
DA:77,0
DA:80,0
DA:83,0
DA:84,0
DA:85,0
DA:86,0
DA:87,0
DA:88,0
DA:89,0
DA:102,0
DA:105,0
DA:107,0
DA:108,0
DA:109,0
DA:112,0
DA:113,0
DA:114,0
DA:115,0
DA:118,0
DA:119,0
DA:120,0
DA:121,0
DA:124,0
DA:125,0
DA:126,0
DA:127,0
DA:138,0
DA:141,0
DA:142,0
DA:145,0
DA:146,0
DA:149,0
DA:150,0
DA:153,0
DA:154,0
LF:65
LH:0
BRDA:33,0,0,0
BRDA:33,0,1,0
BRDA:37,1,0,0
BRDA:37,1,1,0
BRDA:37,2,0,0
BRDA:37,2,1,0
BRDA:48,3,0,0
BRDA:48,3,1,0
BRDA:56,4,0,0
BRDA:56,4,1,0
BRDA:62,5,0,0
BRDA:62,5,1,0
BRDA:77,6,0,0
BRDA:77,6,1,0
BRDA:105,7,0,0
BRDA:105,7,1,0
BRDA:112,8,0,0
BRDA:112,8,1,0
BRDA:118,9,0,0
BRDA:118,9,1,0
BRDA:124,10,0,0
BRDA:124,10,1,0
BRDA:141,11,0,0
BRDA:141,11,1,0
BRDA:145,12,0,0
BRDA:145,12,1,0
BRDA:149,13,0,0
BRDA:149,13,1,0
BRDA:153,14,0,0
BRDA:153,14,1,0
BRF:30
BRH:0
end_of_record
TN:
SF:src/rendering/WeatherRenderer.ts
FN:21,createParticle
FN:25,allocPool
FN:37,(anonymous_2)
FN:44,(anonymous_3)
FN:74,(anonymous_4)
FN:138,(anonymous_5)
FN:149,(anonymous_6)
FN:187,(anonymous_7)
FN:210,(anonymous_8)
FN:235,(anonymous_9)
FNF:10
FNH:0
FNDA:0,createParticle
FNDA:0,allocPool
FNDA:0,(anonymous_2)
FNDA:0,(anonymous_3)
FNDA:0,(anonymous_4)
FNDA:0,(anonymous_5)
FNDA:0,(anonymous_6)
FNDA:0,(anonymous_7)
FNDA:0,(anonymous_8)
FNDA:0,(anonymous_9)
DA:5,0
DA:6,0
DA:7,0
DA:8,0
DA:22,0
DA:26,0
DA:27,0
DA:28,0
DA:38,0
DA:39,0
DA:40,0
DA:41,0
DA:52,0
DA:54,0
DA:55,0
DA:57,0
DA:58,0
DA:59,0
DA:61,0
DA:62,0
DA:64,0
DA:65,0
DA:69,0
DA:70,0
DA:81,0
DA:82,0
DA:85,0
DA:86,0
DA:87,0
DA:88,0
DA:89,0
DA:90,0
DA:91,0
DA:92,0
DA:93,0
DA:94,0
DA:95,0
DA:100,0
DA:101,0
DA:102,0
DA:103,0
DA:104,0
DA:105,0
DA:106,0
DA:107,0
DA:108,0
DA:110,0
DA:111,0
DA:113,0
DA:116,0
DA:117,0
DA:118,0
DA:119,0
DA:123,0
DA:124,0
DA:125,0
DA:126,0
DA:127,0
DA:128,0
DA:129,0
DA:131,0
DA:132,0
DA:133,0
DA:135,0
DA:139,0
DA:140,0
DA:141,0
DA:142,0
DA:143,0
DA:144,0
DA:145,0
DA:156,0
DA:158,0
DA:159,0
DA:160,0
DA:161,0
DA:162,0
DA:163,0
DA:164,0
DA:165,0
DA:166,0
DA:167,0
DA:168,0
DA:169,0
DA:173,0
DA:174,0
DA:175,0
DA:176,0
DA:177,0
DA:178,0
DA:179,0
DA:180,0
DA:181,0
DA:183,0
DA:195,0
DA:196,0
DA:199,0
DA:200,0
DA:201,0
DA:202,0
DA:203,0
DA:204,0
DA:205,0
DA:206,0
DA:218,0
DA:219,0
DA:220,0
DA:221,0
DA:222,0
DA:226,0
DA:227,0
DA:228,0
DA:229,0
DA:230,0
DA:231,0
DA:242,0
DA:244,0
DA:245,0
DA:246,0
DA:247,0
DA:248,0
DA:249,0
DA:250,0
DA:251,0
DA:252,0
DA:253,0
DA:254,0
DA:255,0
DA:259,0
DA:260,0
DA:261,0
DA:262,0
DA:263,0
DA:264,0
DA:265,0
DA:266,0
DA:267,0
DA:269,0
LF:138
LH:0
BRDA:52,0,0,0
BRDA:52,0,1,0
BRDA:52,0,2,0
BRDA:52,0,3,0
BRDA:69,1,0,0
BRDA:69,1,1,0
BRDA:87,2,0,0
BRDA:87,2,1,0
BRDA:103,3,0,0
BRDA:103,3,1,0
BRDA:107,4,0,0
BRDA:107,4,1,0
BRDA:107,5,0,0
BRDA:107,5,1,0
BRDA:110,6,0,0
BRDA:110,6,1,0
BRDA:125,7,0,0
BRDA:125,7,1,0
BRDA:127,8,0,0
BRDA:127,8,1,0
BRDA:140,9,0,0
BRDA:140,9,1,0
BRDA:160,10,0,0
BRDA:160,10,1,0
BRDA:175,11,0,0
BRDA:175,11,1,0
BRDA:179,12,0,0
BRDA:179,12,1,0
BRDA:179,13,0,0
BRDA:179,13,1,0
BRDA:179,13,2,0
BRDA:179,13,3,0
BRDA:220,14,0,0
BRDA:220,14,1,0
BRDA:226,15,0,0
BRDA:226,15,1,0
BRDA:242,16,0,0
BRDA:242,16,1,0
BRDA:246,17,0,0
BRDA:246,17,1,0
BRDA:261,18,0,0
BRDA:261,18,1,0
BRDA:265,19,0,0
BRDA:265,19,1,0
BRDA:265,20,0,0
BRDA:265,20,1,0
BRDA:265,20,2,0
BRDA:265,20,3,0
BRF:48
BRH:0
end_of_record
TN:
SF:src/rendering/constants.ts
FNF:0
FNH:0
DA:1,0
LF:1
LH:0
BRF:0
BRH:0
end_of_record
TN:
SF:src/ui/DebugOverlay.tsx
FN:16,(anonymous_0)
FN:17,(anonymous_1)
FN:23,(anonymous_2)
FN:24,(anonymous_3)
FN:37,(anonymous_4)
FN:39,(anonymous_5)
FN:44,(anonymous_6)
FN:50,(anonymous_7)
FN:51,(anonymous_8)
FN:94,(anonymous_9)
FNF:10
FNH:0
FNDA:0,(anonymous_0)
FNDA:0,(anonymous_1)
FNDA:0,(anonymous_2)
FNDA:0,(anonymous_3)
FNDA:0,(anonymous_4)
FNDA:0,(anonymous_5)
FNDA:0,(anonymous_6)
FNDA:0,(anonymous_7)
FNDA:0,(anonymous_8)
FNDA:0,(anonymous_9)
DA:5,0
DA:7,0
DA:16,0
DA:17,0
DA:18,0
DA:19,0
DA:20,0
DA:23,0
DA:24,0
DA:25,0
DA:26,0
DA:27,0
DA:28,0
DA:29,0
DA:30,0
DA:31,0
DA:33,0
DA:37,0
DA:39,0
DA:40,0
DA:41,0
DA:43,0
DA:44,0
DA:47,0
DA:49,0
DA:50,0
DA:51,0
DA:54,0
DA:57,0
DA:58,0
DA:59,0
DA:60,0
DA:63,0
DA:65,0
DA:95,0
DA:96,0
DA:97,0
LF:37
LH:0
BRDA:27,0,0,0
BRDA:27,0,1,0
BRDA:47,1,0,0
BRDA:47,1,1,0
BRDA:59,2,0,0
BRDA:59,2,1,0
BRDA:96,3,0,0
BRDA:96,3,1,0
BRF:8
BRH:0
end_of_record
TN:
SF:src/ui/GameCanvas.tsx
FN:11,findNearestNPC
FN:27,(anonymous_1)
FN:38,(anonymous_2)
FN:51,(anonymous_3)
FN:82,(anonymous_4)
FN:94,(anonymous_5)
FN:162,(anonymous_6)
FNF:7
FNH:0
FNDA:0,findNearestNPC
FNDA:0,(anonymous_1)
FNDA:0,(anonymous_2)
FNDA:0,(anonymous_3)
FNDA:0,(anonymous_4)
FNDA:0,(anonymous_5)
FNDA:0,(anonymous_6)
DA:9,0
DA:12,0
DA:13,0
DA:14,0
DA:15,0
DA:16,0
DA:17,0
DA:18,0
DA:19,0
DA:20,0
DA:21,0
DA:24,0
DA:27,0
DA:28,0
DA:29,0
DA:30,0
DA:31,0
DA:32,0
DA:33,0
DA:34,0
DA:36,0
DA:38,0
DA:39,0
DA:40,0
DA:41,0
DA:42,0
DA:43,0
DA:44,0
DA:45,0
DA:46,0
DA:47,0
DA:48,0
DA:51,0
DA:52,0
DA:53,0
DA:56,0
DA:57,0
DA:58,0
DA:59,0
DA:62,0
DA:63,0
DA:64,0
DA:66,0
DA:67,0
DA:68,0
DA:70,0
DA:73,0
DA:74,0
DA:75,0
DA:76,0
DA:77,0
DA:78,0
DA:79,0
DA:82,0
DA:83,0
DA:84,0
DA:85,0
DA:88,0
DA:90,0
DA:92,0
DA:94,0
DA:95,0
DA:96,0
DA:97,0
DA:99,0
DA:100,0
DA:103,0
DA:106,0
DA:107,0
DA:108,0
DA:115,0
DA:116,0
DA:117,0
DA:121,0
DA:122,0
DA:123,0
DA:124,0
DA:125,0
DA:129,0
DA:130,0
DA:131,0
DA:132,0
DA:137,0
DA:138,0
DA:139,0
DA:140,0
DA:144,0
DA:145,0
DA:146,0
DA:149,0
DA:150,0
DA:151,0
DA:155,0
DA:157,0
DA:160,0
DA:162,0
DA:163,0
DA:164,0
DA:165,0
DA:166,0
DA:167,0
DA:168,0
DA:169,0
DA:170,0
DA:174,0
LF:105
LH:0
BRDA:15,0,0,0
BRDA:15,0,1,0
BRDA:19,1,0,0
BRDA:19,1,1,0
BRDA:19,2,0,0
BRDA:19,2,1,0
BRDA:41,3,0,0
BRDA:41,3,1,0
BRDA:41,4,0,0
BRDA:41,4,1,0
BRDA:43,5,0,0
BRDA:43,5,1,0
BRDA:53,6,0,0
BRDA:53,6,1,0
BRDA:57,7,0,0
BRDA:57,7,1,0
BRDA:83,8,0,0
BRDA:83,8,1,0
BRDA:95,9,0,0
BRDA:95,9,1,0
BRDA:107,10,0,0
BRDA:107,10,1,0
BRDA:107,11,0,0
BRDA:107,11,1,0
BRDA:116,12,0,0
BRDA:116,12,1,0
BRDA:122,13,0,0
BRDA:122,13,1,0
BRDA:122,14,0,0
BRDA:122,14,1,0
BRDA:125,15,0,0
BRDA:125,15,1,0
BRDA:129,16,0,0
BRDA:129,16,1,0
BRDA:129,17,0,0
BRDA:129,17,1,0
BRDA:137,18,0,0
BRDA:137,18,1,0
BRDA:150,19,0,0
BRDA:150,19,1,0
BRF:40
BRH:0
end_of_record
TN:
SF:src/ui/HUD.tsx
FN:20,temperatureFeel
FN:30,(anonymous_1)
FN:31,(anonymous_2)
FN:40,(anonymous_3)
FNF:4
FNH:0
FNDA:0,temperatureFeel
FNDA:0,(anonymous_1)
FNDA:0,(anonymous_2)
FNDA:0,(anonymous_3)
DA:4,0
DA:11,0
DA:21,0
DA:22,0
DA:23,0
DA:24,0
DA:25,0
DA:26,0
DA:27,0
DA:30,0
DA:31,0
DA:33,0
DA:35,0
DA:36,0
DA:37,0
DA:38,0
DA:39,0
DA:40,0
DA:42,0
LF:19
LH:0
BRDA:21,0,0,0
BRDA:21,0,1,0
BRDA:22,1,0,0
BRDA:22,1,1,0
BRDA:23,2,0,0
BRDA:23,2,1,0
BRDA:23,3,0,0
BRDA:23,3,1,0
BRDA:24,4,0,0
BRDA:24,4,1,0
BRDA:25,5,0,0
BRDA:25,5,1,0
BRDA:26,6,0,0
BRDA:26,6,1,0
BRDA:33,7,0,0
BRDA:33,7,1,0
BRDA:53,8,0,0
BRDA:53,8,1,0
BRDA:59,9,0,0
BRDA:59,9,1,0
BRF:20
BRH:0
end_of_record
TN:
SF:src/ui/MiniMap.tsx
FN:22,drawMinimap
FN:75,(anonymous_1)
FN:78,(anonymous_2)
FN:79,(anonymous_3)
FN:80,(anonymous_4)
FN:81,(anonymous_5)
FN:82,(anonymous_6)
FN:85,(anonymous_7)
FN:108,(anonymous_8)
FNF:9
FNH:0
FNDA:0,drawMinimap
FNDA:0,(anonymous_1)
FNDA:0,(anonymous_2)
FNDA:0,(anonymous_3)
FNDA:0,(anonymous_4)
FNDA:0,(anonymous_5)
FNDA:0,(anonymous_6)
FNDA:0,(anonymous_7)
FNDA:0,(anonymous_8)
DA:6,0
DA:7,0
DA:9,0
DA:33,0
DA:35,0
DA:38,0
DA:39,0
DA:40,0
DA:41,0
DA:42,0
DA:43,0
DA:53,0
DA:54,0
DA:55,0
DA:56,0
DA:57,0
DA:58,0
DA:62,0
DA:63,0
DA:64,0
DA:65,0
DA:66,0
DA:67,0
DA:68,0
DA:70,0
DA:71,0
DA:72,0
DA:75,0
DA:76,0
DA:77,0
DA:78,0
DA:79,0
DA:80,0
DA:81,0
DA:82,0
DA:85,0
DA:86,0
DA:87,0
DA:88,0
DA:90,0
DA:91,0
DA:92,0
DA:93,0
DA:94,0
DA:98,0
DA:99,0
DA:100,0
DA:101,0
DA:102,0
DA:107,0
DA:109,0
DA:110,0
DA:111,0
DA:112,0
DA:113,0
DA:114,0
DA:115,0
DA:116,0
DA:117,0
DA:118,0
DA:123,0
DA:125,0
LF:62
LH:0
BRDA:41,0,0,0
BRDA:41,0,1,0
BRDA:42,1,0,0
BRDA:42,1,1,0
BRDA:55,2,0,0
BRDA:55,2,1,0
BRDA:86,3,0,0
BRDA:86,3,1,0
BRDA:91,4,0,0
BRDA:91,4,1,0
BRDA:93,5,0,0
BRDA:93,5,1,0
BRDA:99,6,0,0
BRDA:99,6,1,0
BRDA:101,7,0,0
BRDA:101,7,1,0
BRDA:109,8,0,0
BRDA:109,8,1,0
BRDA:123,9,0,0
BRDA:123,9,1,0
BRF:20
BRH:0
end_of_record
TN:
SF:src/ui/NPCInfoPanel.tsx
FN:37,(anonymous_0)
FN:59,(anonymous_1)
FN:60,(anonymous_2)
FN:61,(anonymous_3)
FN:62,(anonymous_4)
FN:64,(anonymous_5)
FN:68,(anonymous_6)
FN:112,(anonymous_7)
FN:176,(anonymous_8)
FNF:9
FNH:0
FNDA:0,(anonymous_0)
FNDA:0,(anonymous_1)
FNDA:0,(anonymous_2)
FNDA:0,(anonymous_3)
FNDA:0,(anonymous_4)
FNDA:0,(anonymous_5)
FNDA:0,(anonymous_6)
FNDA:0,(anonymous_7)
FNDA:0,(anonymous_8)
DA:7,0
DA:14,0
DA:23,0
DA:37,0
DA:38,0
DA:39,0
DA:40,0
DA:41,0
DA:43,0
DA:57,0
DA:59,0
DA:60,0
DA:61,0
DA:62,0
DA:64,0
DA:65,0
DA:68,0
DA:69,0
DA:71,0
DA:112,0
DA:113,0
DA:114,0
DA:115,0
DA:116,0
DA:118,0
DA:177,0
LF:26
LH:0
BRDA:40,0,0,0
BRDA:40,0,1,0
BRDA:40,1,0,0
BRDA:40,1,1,0
BRDA:68,2,0,0
BRDA:68,2,1,0
BRDA:76,3,0,0
BRDA:76,3,1,0
BRDA:79,4,0,0
BRDA:79,4,1,0
BRDA:85,5,0,0
BRDA:85,5,1,0
BRDA:89,6,0,0
BRDA:89,6,1,0
BRDA:114,7,0,0
BRDA:114,7,1,0
BRDA:127,8,0,0
BRDA:127,8,1,0
BRDA:172,9,0,0
BRDA:172,9,1,0
BRDA:178,10,0,0
BRDA:178,10,1,0
BRF:22
BRH:0
end_of_record
TN:
SF:src/ui/SpeedControls.tsx
FN:15,(anonymous_0)
FN:16,(anonymous_1)
FN:17,(anonymous_2)
FN:18,(anonymous_3)
FN:19,(anonymous_4)
FN:22,(anonymous_5)
FN:28,(anonymous_6)
FN:36,(anonymous_7)
FN:39,(anonymous_8)
FNF:9
FNH:0
FNDA:0,(anonymous_0)
FNDA:0,(anonymous_1)
FNDA:0,(anonymous_2)
FNDA:0,(anonymous_3)
FNDA:0,(anonymous_4)
FNDA:0,(anonymous_5)
FNDA:0,(anonymous_6)
FNDA:0,(anonymous_7)
FNDA:0,(anonymous_8)
DA:5,0
DA:13,0
DA:15,0
DA:16,0
DA:17,0
DA:18,0
DA:19,0
DA:21,0
DA:23,0
DA:28,0
DA:29,0
DA:32,0
DA:37,0
DA:39,0
LF:14
LH:0
BRDA:41,0,0,0
BRDA:41,0,1,0
BRDA:45,1,0,0
BRDA:45,1,1,0
BRF:4
BRH:0
end_of_record
TN:
SF:src/ui/WelcomeScreen.tsx
FN:4,(anonymous_0)
FN:6,(anonymous_1)
FN:7,(anonymous_2)
FN:9,(anonymous_3)
FN:17,(anonymous_4)
FN:41,(anonymous_5)
FNF:6
FNH:0
FNDA:0,(anonymous_0)
FNDA:0,(anonymous_1)
FNDA:0,(anonymous_2)
FNDA:0,(anonymous_3)
FNDA:0,(anonymous_4)
FNDA:0,(anonymous_5)
DA:4,0
DA:5,0
DA:6,0
DA:7,0
DA:9,0
DA:10,0
DA:11,0
DA:12,0
DA:13,0
DA:16,0
DA:18,0
DA:23,0
DA:41,0
LF:13
LH:0
BRDA:11,0,0,0
BRDA:11,0,1,0
BRDA:18,1,0,0
BRDA:18,1,1,0
BRF:4
BRH:0
end_of_record
TN:
SF:src/utils/Color.ts
FN:3,rgba
FN:7,lerpColor
FN:19,adjustBrightness
FN:30,colorToString
FNF:4
FNH:4
FNDA:5,rgba
FNDA:3,lerpColor
FNDA:4,adjustBrightness
FNDA:2,colorToString
DA:4,5
DA:12,3
DA:23,4
DA:34,2
LF:4
LH:4
BRDA:3,0,0,5
BRDA:32,1,0,2
BRF:2
BRH:2
end_of_record
TN:
SF:src/utils/Math.ts
FN:3,lerp
FN:7,clamp
FN:11,smoothstep
FN:16,distance
FN:22,manhattanDistance
FN:31,vec2
FN:35,vec2Add
FN:39,vec2Sub
FN:43,vec2Scale
FN:47,vec2Length
FN:51,vec2Normalize
FN:57,hashCoord
FNF:12
FNH:12
FNDA:4,lerp
FNDA:10,clamp
FNDA:5,smoothstep
FNDA:8871,distance
FNDA:4,manhattanDistance
FNDA:10,vec2
FNDA:1,vec2Add
FNDA:1,vec2Sub
FNDA:1,vec2Scale
FNDA:4,vec2Length
FNDA:2,vec2Normalize
FNDA:17927,hashCoord
DA:4,4
DA:8,10
DA:12,5
DA:13,5
DA:17,8871
DA:18,8871
DA:19,8871
DA:23,4
DA:32,10
DA:36,1
DA:40,1
DA:44,1
DA:48,4
DA:52,2
DA:53,2
DA:54,1
DA:58,17927
DA:59,17927
DA:60,17927
DA:61,17927
LF:20
LH:20
BRDA:8,0,0,2
BRDA:8,0,1,8
BRDA:8,1,0,2
BRDA:8,1,1,6
BRDA:53,2,0,1
BRDA:53,2,1,1
BRF:6
BRH:6
end_of_record
TN:
SF:src/utils/Random.ts
FN:6,(anonymous_0)
FN:10,(anonymous_1)
FN:17,(anonymous_2)
FN:21,(anonymous_3)
FN:25,(anonymous_4)
FN:29,(anonymous_5)
FN:39,(anonymous_6)
FNF:7
FNH:7
FNDA:34,(anonymous_0)
FNDA:34309,(anonymous_1)
FNDA:6751,(anonymous_2)
FNDA:100,(anonymous_3)
FNDA:30,(anonymous_4)
FNDA:13,(anonymous_5)
FNDA:20,(anonymous_6)
DA:7,34
DA:11,34309
DA:12,34309
DA:13,34309
DA:14,34309
DA:18,6751
DA:22,100
DA:26,30
DA:30,13
DA:31,6597
DA:32,6597
DA:33,6597
DA:34,6597
DA:36,13
DA:40,20
LF:15
LH:15
BRDA:25,0,0,30
BRF:1
BRH:1
end_of_record
TN:
SF:src/utils/SimplexNoise.ts
FN:11,dot2
FN:19,(anonymous_1)
FN:46,(anonymous_2)
FN:110,octaveNoise
FNF:4
FNH:4
FNDA:247988,dot2
FNDA:69,(anonymous_1)
FNDA:90717,(anonymous_2)
FNDA:54002,octaveNoise
DA:3,3
DA:8,3
DA:9,3
DA:12,247988
DA:20,69
DA:21,69
DA:23,69
DA:24,69
DA:25,17664
DA:29,69
DA:30,69
DA:31,17595
DA:32,17595
DA:33,17595
DA:34,17595
DA:35,17595
DA:36,17595
DA:37,17595
DA:40,69
DA:41,35328
DA:42,35328
DA:47,90717
DA:48,90717
DA:49,90717
DA:51,90717
DA:52,90717
DA:53,90717
DA:54,90717
DA:55,90717
DA:59,90717
DA:60,43936
DA:61,43936
DA:63,46781
DA:64,46781
DA:67,90717
DA:68,90717
DA:69,90717
DA:70,90717
DA:72,90717
DA:73,90717
DA:74,90717
DA:75,90717
DA:76,90717
DA:79,90717
DA:80,90717
DA:81,5417
DA:83,85300
DA:84,85300
DA:88,90717
DA:89,90717
DA:90,10930
DA:92,79787
DA:93,79787
DA:97,90717
DA:98,90717
DA:99,7816
DA:101,82901
DA:102,82901
DA:106,90717
DA:118,54002
DA:119,54002
DA:120,54002
DA:122,54002
DA:123,90508
DA:124,90508
DA:125,90508
DA:126,90508
DA:130,54002
LF:68
LH:68
BRDA:59,0,0,43936
BRDA:59,0,1,46781
BRDA:80,1,0,5417
BRDA:80,1,1,85300
BRDA:89,2,0,10930
BRDA:89,2,1,79787
BRDA:98,3,0,7816
BRDA:98,3,1,82901
BRDA:116,4,0,54002
BRF:9
BRH:9
end_of_record
TN:
SF:src/world/Pathfinding.ts
FN:16,heuristic
FN:20,nodeKey
FN:28,findPath
FNF:3
FNH:3
FNDA:248,heuristic
FNDA:836,nodeKey
FNDA:9,findPath
DA:17,248
DA:21,836
DA:24,1
DA:36,9
DA:37,7
DA:39,6
DA:40,6
DA:42,6
DA:44,5
DA:45,5
DA:47,5
DA:54,5
DA:56,5
DA:57,5
DA:59,5
DA:61,216
DA:62,216
DA:63,216
DA:64,1386
DA:65,275
DA:66,275
DA:70,216
DA:72,216
DA:73,216
DA:74,216
DA:76,216
DA:78,3
DA:79,3
DA:80,3
DA:81,40
DA:82,40
DA:83,40
DA:85,3
DA:86,3
DA:90,213
DA:92,206
DA:93,824
DA:94,824
DA:95,824
DA:97,824
DA:98,486
DA:100,388
DA:101,388
DA:103,388
DA:104,388
DA:106,243
DA:113,243
DA:114,243
DA:118,2
LF:49
LH:49
BRDA:34,0,0,9
BRDA:36,1,0,2
BRDA:36,1,1,7
BRDA:36,2,0,9
BRDA:36,2,1,8
BRDA:37,3,0,1
BRDA:37,3,1,6
BRDA:42,4,0,1
BRDA:42,4,1,5
BRDA:64,5,0,275
BRDA:64,5,1,1111
BRDA:70,6,0,0
BRDA:70,6,1,216
BRDA:76,7,0,3
BRDA:76,7,1,213
BRDA:90,8,0,7
BRDA:90,8,1,206
BRDA:97,9,0,338
BRDA:97,9,1,486
BRDA:98,10,0,98
BRDA:98,10,1,388
BRDA:104,11,0,145
BRDA:104,11,1,243
BRDA:104,12,0,388
BRDA:104,12,1,145
BRF:25
BRH:24
end_of_record
TN:
SF:src/world/TerrainGenerator.ts
FN:5,classifyTile
FN:19,(anonymous_1)
FNF:2
FNH:2
FNDA:17920,classifyTile
FNDA:2,(anonymous_1)
DA:6,17920
DA:7,17091
DA:8,16137
DA:9,15513
DA:10,14552
DA:12,11922
DA:13,11678
DA:14,10394
DA:15,7790
DA:20,19
DA:21,19
DA:22,19
DA:23,19
DA:25,19
DA:26,544
DA:27,17920
DA:28,17920
DA:29,17920
DA:30,17920
DA:31,17920
DA:33,17920
DA:37,19
LF:22
LH:22
BRDA:6,0,0,829
BRDA:6,0,1,17091
BRDA:7,1,0,954
BRDA:7,1,1,16137
BRDA:8,2,0,624
BRDA:8,2,1,15513
BRDA:9,3,0,961
BRDA:9,3,1,14552
BRDA:10,4,0,2630
BRDA:10,4,1,11922
BRDA:12,5,0,244
BRDA:12,5,1,11678
BRDA:13,6,0,1284
BRDA:13,6,1,10394
BRDA:14,7,0,2604
BRDA:14,7,1,7790
BRDA:14,8,0,10394
BRDA:14,8,1,6217
BRF:18
BRH:18
end_of_record
TN:
SF:src/world/TileMap.ts
FN:1,(anonymous_0)
FN:36,moveCostForType
FN:48,createTile
FN:72,(anonymous_3)
FN:78,(anonymous_4)
FN:83,(anonymous_5)
FN:88,(anonymous_6)
FN:93,(anonymous_7)
FN:98,(anonymous_8)
FN:102,(anonymous_9)
FN:108,(anonymous_10)
FNF:11
FNH:11
FNDA:5,(anonymous_0)
FNDA:29461,moveCostForType
FNDA:29461,createTile
FNDA:37,(anonymous_3)
FNDA:82797,(anonymous_4)
FNDA:29453,(anonymous_5)
FNDA:496,(anonymous_6)
FNDA:390,(anonymous_7)
FNDA:112271,(anonymous_8)
FNDA:53746,(anonymous_9)
FNDA:2,(anonymous_10)
DA:1,5
DA:2,5
DA:3,5
DA:4,5
DA:5,5
DA:6,5
DA:7,5
DA:8,5
DA:9,5
DA:10,5
DA:11,5
DA:25,5
DA:31,5
DA:37,29461
DA:39,2631
DA:42,246
DA:44,26584
DA:55,29461
DA:73,37
DA:74,37
DA:75,37
DA:79,82797
DA:80,80373
DA:84,29453
DA:85,29453
DA:89,496
DA:90,496
DA:94,390
DA:95,390
DA:99,112271
DA:103,53746
DA:104,53746
DA:109,2
DA:110,2
DA:111,2
DA:112,2
DA:113,2
DA:114,2
LF:38
LH:38
BRDA:1,0,0,5
BRDA:1,0,1,5
BRDA:37,1,0,2631
BRDA:37,1,1,245
BRDA:37,1,2,246
BRDA:37,1,3,26584
BRDA:79,2,0,2424
BRDA:79,2,1,80373
BRDA:80,3,0,80373
BRDA:80,3,1,0
BRDA:84,4,0,0
BRDA:84,4,1,29453
BRDA:90,5,0,496
BRDA:90,5,1,420
BRDA:95,6,0,389
BRDA:95,6,1,1
BRDA:99,7,0,112271
BRDA:99,7,1,111864
BRDA:99,7,2,110948
BRDA:99,7,3,110482
BRDA:104,8,0,53746
BRDA:104,8,1,51403
BRDA:110,9,0,1
BRDA:110,9,1,1
BRDA:111,10,0,0
BRDA:111,10,1,2
BRDA:112,11,0,0
BRDA:112,11,1,2
BRDA:113,12,0,0
BRDA:113,12,1,2
BRF:30
BRH:25
end_of_record
TN:
SF:src/world/TimeSystem.ts
FN:16,(anonymous_0)
FN:24,(anonymous_1)
FN:34,(anonymous_2)
FN:42,(anonymous_3)
FN:52,(anonymous_4)
FN:56,(anonymous_5)
FNF:6
FNH:6
FNDA:15,(anonymous_0)
FNDA:30601,(anonymous_1)
FNDA:7,(anonymous_2)
FNDA:2,(anonymous_3)
FNDA:1,(anonymous_4)
FNDA:2,(anonymous_5)
DA:6,1
DA:7,1
DA:17,15
DA:18,15
DA:19,15
DA:20,15
DA:21,15
DA:25,30601
DA:26,30601
DA:27,30601
DA:29,30601
DA:30,30601
DA:31,30601
DA:35,7
DA:36,7
DA:37,5
DA:38,4
DA:39,1
DA:44,2
DA:45,2
DA:46,2
DA:47,2
DA:48,1
DA:49,1
DA:53,1
DA:57,2
LF:26
LH:26
BRDA:36,0,0,2
BRDA:36,0,1,5
BRDA:36,1,0,7
BRDA:36,1,1,7
BRDA:37,2,0,1
BRDA:37,2,1,4
BRDA:38,3,0,3
BRDA:38,3,1,1
BRDA:47,4,0,1
BRDA:47,4,1,1
BRDA:47,5,0,2
BRDA:47,5,1,2
BRF:12
BRH:12
end_of_record
TN:
SF:src/world/Weather.ts
FN:18,pickWeighted
FN:49,(anonymous_1)
FN:60,(anonymous_2)
FN:102,(anonymous_3)
FN:106,(anonymous_4)
FN:110,(anonymous_5)
FNF:6
FNH:6
FNDA:13,pickWeighted
FNDA:10,(anonymous_1)
FNDA:4156,(anonymous_2)
FNDA:2,(anonymous_3)
FNDA:1,(anonymous_4)
FNDA:1,(anonymous_5)
DA:7,1
DA:11,1
DA:21,13
DA:22,13
DA:23,78
DA:24,13
DA:25,13
DA:27,0
DA:28,0
DA:29,0
DA:30,0
DA:33,13
DA:34,13
DA:35,46
DA:36,46
DA:38,0
DA:50,10
DA:51,10
DA:52,10
DA:53,10
DA:54,10
DA:57,10
DA:61,4156
DA:63,4156
DA:64,13
DA:65,13
DA:66,13
DA:70,13
DA:71,13
DA:72,6
DA:74,7
DA:78,13
DA:79,13
DA:82,13
DA:84,6
DA:85,6
DA:88,6
DA:89,6
DA:91,0
DA:92,0
DA:94,1
DA:95,1
DA:97,0
DA:103,2
DA:107,1
DA:111,1
LF:46
LH:38
BRDA:25,0,0,0
BRDA:25,0,1,13
BRDA:25,1,0,13
BRDA:25,1,1,0
BRDA:36,2,0,13
BRDA:36,2,1,33
BRDA:63,3,0,13
BRDA:63,3,1,4143
BRDA:65,4,0,13
BRDA:65,4,1,13
BRDA:70,5,0,13
BRDA:70,5,1,13
BRDA:71,6,0,6
BRDA:71,6,1,7
BRDA:82,7,0,6
BRDA:82,7,1,5
BRDA:82,7,2,6
BRDA:82,7,3,0
BRDA:82,7,4,1
BRDA:82,7,5,0
BRDA:107,8,0,1
BRDA:107,8,1,1
BRF:22
BRH:18
end_of_record
TN:
SF:src/world/WorldObject.ts
FN:6,(anonymous_0)
FN:27,isGrassTile
FN:39,(anonymous_2)
FN:44,(anonymous_3)
FN:58,(anonymous_4)
FN:159,(anonymous_5)
FN:163,(anonymous_6)
FN:170,(anonymous_7)
FN:183,(anonymous_8)
FN:199,(anonymous_9)
FNF:10
FNH:10
FNDA:2,(anonymous_0)
FNDA:65406,isGrassTile
FNDA:14,(anonymous_2)
FNDA:924,(anonymous_3)
FNDA:11,(anonymous_4)
FNDA:11,(anonymous_5)
FNDA:2,(anonymous_6)
FNDA:2,(anonymous_7)
FNDA:12,(anonymous_8)
FNDA:19,(anonymous_9)
DA:6,2
DA:7,2
DA:8,2
DA:9,2
DA:10,2
DA:11,2
DA:12,2
DA:13,2
DA:28,65406
DA:40,14
DA:41,14
DA:45,924
DA:46,924
DA:59,11
DA:60,11
DA:61,11
DA:62,11
DA:64,11
DA:65,352
DA:66,11264
DA:67,11264
DA:69,11264
DA:70,11264
DA:71,11264
DA:74,11264
DA:75,132
DA:76,132
DA:77,132
DA:81,11132
DA:82,407
DA:83,407
DA:84,407
DA:88,10725
DA:89,77
DA:90,77
DA:91,77
DA:95,10648
DA:96,110
DA:97,110
DA:98,110
DA:102,10538
DA:103,165
DA:104,165
DA:105,165
DA:109,10373
DA:111,121
DA:115,121
DA:116,0
DA:117,0
DA:118,0
DA:125,11
DA:126,11
DA:127,352
DA:128,11264
DA:129,11264
DA:131,6820
DA:135,11264
DA:136,6600
DA:141,11
DA:142,11
DA:143,6600
DA:145,6600
DA:146,6600
DA:147,543444
DA:148,6567
DA:149,6567
DA:152,6600
DA:153,33
DA:154,33
DA:160,11
DA:164,2
DA:165,1
DA:167,1
DA:171,2
DA:172,2
DA:173,2
DA:174,84
DA:175,84
DA:176,84
DA:177,2
DA:180,2
DA:184,12
DA:185,1008
DA:187,10
DA:188,10
DA:189,2
DA:192,2
DA:193,2
DA:194,2
DA:200,19
DA:201,19
DA:203,17
DA:204,17
DA:205,4
DA:206,4
DA:208,17
LF:96
LH:93
BRDA:6,0,0,2
BRDA:6,0,1,2
BRDA:29,1,0,65406
BRDA:29,1,1,36674
BRDA:29,1,2,25927
BRDA:51,2,0,132
BRDA:51,2,1,792
BRDA:67,3,0,0
BRDA:67,3,1,11264
BRDA:67,4,0,11264
BRDA:67,4,1,11264
BRDA:74,5,0,132
BRDA:74,5,1,11132
BRDA:74,6,0,11264
BRDA:74,6,1,7546
BRDA:81,7,0,407
BRDA:81,7,1,10725
BRDA:81,8,0,11132
BRDA:81,8,1,7414
BRDA:81,8,2,4796
BRDA:88,9,0,77
BRDA:88,9,1,10648
BRDA:88,10,0,10725
BRDA:88,10,1,7007
BRDA:88,10,2,2046
BRDA:88,10,3,1452
BRDA:95,11,0,110
BRDA:95,11,1,10538
BRDA:95,12,0,10648
BRDA:95,12,1,6930
BRDA:95,12,2,6270
BRDA:95,12,3,4301
BRDA:102,13,0,165
BRDA:102,13,1,10373
BRDA:102,14,0,10538
BRDA:102,14,1,8833
BRDA:102,14,2,1727
BRDA:109,15,0,121
BRDA:109,15,1,10252
BRDA:109,16,0,10373
BRDA:109,16,1,6820
BRDA:111,17,0,121
BRDA:111,17,1,121
BRDA:111,17,2,121
BRDA:111,17,3,121
BRDA:115,18,0,0
BRDA:115,18,1,121
BRDA:129,19,0,4444
BRDA:129,19,1,6820
BRDA:129,20,0,11264
BRDA:129,20,1,11264
BRDA:129,20,2,7546
BRDA:131,21,0,6820
BRDA:131,21,1,6699
BRDA:131,21,2,6666
BRDA:131,21,3,6666
BRDA:131,21,4,6600
BRDA:131,21,5,6600
BRDA:131,21,6,6600
BRDA:131,21,7,6600
BRDA:135,22,0,6600
BRDA:135,22,1,4664
BRDA:143,23,0,0
BRDA:143,23,1,6600
BRDA:147,24,0,6567
BRDA:147,24,1,536877
BRDA:147,25,0,543444
BRDA:147,25,1,8844
BRDA:152,26,0,33
BRDA:152,26,1,6567
BRDA:165,27,0,1
BRDA:165,27,1,0
BRDA:165,28,0,1
BRDA:165,28,1,1
BRDA:176,29,0,2
BRDA:176,29,1,82
BRDA:185,30,0,998
BRDA:185,30,1,10
BRDA:188,31,0,2
BRDA:188,31,1,8
BRDA:189,32,0,1
BRDA:189,32,1,1
BRDA:199,33,0,19
BRDA:201,34,0,2
BRDA:201,34,1,17
BRDA:201,35,0,19
BRDA:201,35,1,18
BRDA:201,35,2,17
BRDA:204,36,0,4
BRDA:204,36,1,13
BRF:90
BRH:86
end_of_record
